<?xml version="1.0" encoding="UTF-8"?>
<robot generator="Robot 3.2.2 (Python 3.7.5 on win32)" generated="20210413 15:47:35.932" rpa="true">
<suite id="s1" name="Tasks" source="C:\ProgramData\Temp\rcceb871\AppData\Local\Temp\59_437900_182525899_1\workarea60753074\tasks.robot">
<test id="s1-t1" name="Insert the sales datta for the week and export it as a PDF">
<kw name="Open the Intranet Website">
<kw name="Open Available Browser" library="RPA.Browser.Selenium">
<doc>Opens the first available browser in the system in preferred order, or the
given browser (``browser_selection``).</doc>
<arguments>
<arg>https://robotsparebinindustries.com/</arg>
</arguments>
<msg timestamp="20210413 15:47:36.822" level="INFO">Creating an instance of the Chrome WebDriver.</msg>
<msg timestamp="20210413 15:47:36.830" level="INFO">Created download root directory: C:\Users\bunto\AppData\Local\robocorp\temp\57cb8717db65955d\drivers</msg>
<msg timestamp="20210413 15:47:40.885" level="INFO">Creating an instance of the Chrome WebDriver.</msg>
<msg timestamp="20210413 15:47:42.307" level="INFO">Created Chrome browser with arguments: --disable-dev-shm-usage --disable-web-security --allow-running-insecure-content --no-sandbox</msg>
<msg timestamp="20210413 15:47:42.307" level="INFO" html="yes">&lt;p&gt;Attempted combinations:&lt;/p&gt;&lt;div class="doc"&gt;&lt;table&gt;&lt;tr&gt;&lt;th&gt;Browser&lt;/th&gt;&lt;th&gt;Headless&lt;/th&gt;&lt;th&gt;Download&lt;/th&gt;&lt;th&gt;Error&lt;/th&gt;&lt;/tr&gt;&lt;tr&gt;&lt;td&gt;Chrome&lt;/td&gt;&lt;td&gt;False&lt;/td&gt;&lt;td&gt;False&lt;/td&gt;&lt;td&gt;Message: 'chromedriver' executable needs to be in PATH. Please see https://sites.google.com/a/chromium.org/chromedriver/home
&lt;/td&gt;&lt;/tr&gt;&lt;tr&gt;&lt;td&gt;Chrome&lt;/td&gt;&lt;td&gt;False&lt;/td&gt;&lt;td&gt;True&lt;/td&gt;&lt;td&gt;&lt;/td&gt;&lt;/tr&gt;&lt;/table&gt;&lt;/div&gt;</msg>
<msg timestamp="20210413 15:47:42.307" level="INFO">Opening url 'https://robotsparebinindustries.com/'</msg>
<status status="PASS" starttime="20210413 15:47:36.813" endtime="20210413 15:47:44.546"></status>
</kw>
<status status="PASS" starttime="20210413 15:47:36.813" endtime="20210413 15:47:44.546"></status>
</kw>
<kw name="Log In">
<kw name="Input Text" library="RPA.Browser.Selenium">
<doc>Types the given ``text`` into the text field identified by ``locator``.</doc>
<arguments>
<arg>username</arg>
<arg>maria</arg>
</arguments>
<msg timestamp="20210413 15:47:44.547" level="INFO">Typing text 'maria' into text field 'username'.</msg>
<status status="PASS" starttime="20210413 15:47:44.547" endtime="20210413 15:47:44.638"></status>
</kw>
<kw name="Input Password" library="RPA.Browser.Selenium">
<doc>Types the given password into the text field identified by ``locator``.</doc>
<arguments>
<arg>password</arg>
<arg>thoushallnotpass</arg>
</arguments>
<msg timestamp="20210413 15:47:44.640" level="INFO">Typing password into text field 'password'.</msg>
<msg timestamp="20210413 15:47:44.676" level="INFO">Temporally setting log level to: NONE</msg>
<msg timestamp="20210413 15:47:44.730" level="INFO">Log level changed from NONE to INFO.</msg>
<status status="PASS" starttime="20210413 15:47:44.639" endtime="20210413 15:47:44.730"></status>
</kw>
<kw name="Submit Form" library="RPA.Browser.Selenium">
<doc>Submits a form identified by ``locator``.</doc>
<msg timestamp="20210413 15:47:44.731" level="INFO">Submitting form 'None'.</msg>
<status status="PASS" starttime="20210413 15:47:44.731" endtime="20210413 15:47:44.755"></status>
</kw>
<kw name="Wait Until Page Contains Element" library="RPA.Browser.Selenium">
<doc>Waits until the element ``locator`` appears on the current page.</doc>
<arguments>
<arg>id:sales-form</arg>
</arguments>
<status status="PASS" starttime="20210413 15:47:44.756" endtime="20210413 15:47:47.387"></status>
</kw>
<status status="PASS" starttime="20210413 15:47:44.547" endtime="20210413 15:47:47.388"></status>
</kw>
<kw name="Download The Excel File">
<kw name="Download" library="RPA.HTTP">
<doc>An alias for the ``HTTP Get`` keyword.</doc>
<arguments>
<arg>https://robotsparebinindustries.com/SalesData.xlsx</arg>
<arg>overwrite=True</arg>
</arguments>
<msg timestamp="20210413 15:47:47.389" level="INFO">Creating a new HTTP session</msg>
<msg timestamp="20210413 15:47:47.389" level="INFO">Creating Session using : alias=rpasession_alias.httpsrobotsparebinindustries.com, url=https://robotsparebinindustries.com, headers={},                     cookies={}, auth=None, timeout=None, proxies=None, verify=True,                     debug=0 </msg>
<msg timestamp="20210413 15:47:47.691" level="INFO">GET Request : url=https://robotsparebinindustries.com/SalesData.xlsx 
 path_url=/SalesData.xlsx 
 headers={'User-Agent': 'python-requests/2.25.1', 'Accept-Encoding': 'gzip, deflate', 'Accept': '*/*', 'Connection': 'keep-alive'} 
 body=None 
 </msg>
<msg timestamp="20210413 15:47:47.762" level="INFO">GET Response : url=https://robotsparebinindustries.com/SalesData.xlsx 
 status=200, reason=OK 
 body=PKTC�P��U��;_rels/.rels���j�0��}
�{���1F�^Ơ�2��l%1�-#�[��3��JlGI������aR���Sl�����h���7�������v�{��H�����J'�F"� ���%���#e������u}����S\���6Z�����8#,1��6��\��{�F;�ǲΟ���5\��^���[| {�΂ѡ��dR�ft�F�ķ�&lt;���B4~�����PKTC�P!��docProps/core.xmlm�Mk�@D��
���n Y��SI`�C��a��;~&amp;��K�E�z�y��Z~Sd�]�ںQ%9��qs�&gt;ޟ�'5�C�&gt;�k��2�wz����q!��΄�姏VK�q���g�S�&lt;�%ѓ��*FuWNx(�W\w��@+Yr���-��B�򿃽9ȍ�A�����s�Q����~�2�E;$C�PKTC�P���/��docProps/app.xml���
�0�{�"�ަz)������lڀ��Z��|��0���br��&lt;T����å���R����5R����L�\�C�T�+�9U���X�~���Z�a$�􀬎u}R�3�S�(�b��!�����+dO��PKTC�P����rxl/workbook.xml�OAn� ��h�	�J#�2�Uͽm�Ԭ�a-�u��G�z쉙Yfv��_���1&amp;GA��F�Вq�������`�V�D��Itf�{Hu�`sk�Sk�봡C�u�΅ƞS׹�~y�?
���˪dݘ�����4F�&amp;Y��[��.�j��&gt;NI�K^)��\04I(�,x[�4�3ٖ���ww�]os+Q	������˂�(�謁����X���lg�b�K5��PKTC�P�[��xl/_rels/workbook.xml.rels���j�0��y
��ZvZJ)�s	�\�����LlIh�?y�nSHb��Č�3��V��qP�����@U��0����3�{�{�u�X��`Y���)�	d�3�g��y-1a��6�Ѳ���d��v��e���eԓL�m�mS���';�m�p�ǈ��Th�6c��Y.Cls�l`b�
�:�rV&gt;xIqԷ���g��s�Q���-��9�bޓG�3���}-YN0z����PKTC�PYȻ���Uxl/theme/theme1.xml�\�n�8}�Wz]��lɗ�N'kt��5�,���)[EiI:M��;��M�v��{Hr���P:y��6a�2N���޹�Ey��c���_-�N��oޓ#��	�����[��#Ǒ!d�.�(��(	Q�g-�7h%a��uGNBbn��S�Q��,w	�*oDPF�Tn�L�'	��_�&gt;.;�'����!���y�������)�a3�5/�9~�T����y���tp'c�����uq�P�����!����_L��Y�m�r�����~�h��O��y0m�5���'��?��~��������Z��Ə��OG~o@[����f��D)��_,��4�������5��zrK�e4"!�&gt;RvCU�3�Q��Q� ��=�I�~j�N�&lt;�X�A[E1c���siz+S��i�R55��B]��ȖH�?��^nIj&lt;�a#��7��R	���m&lt;F�U�˥h�&gt;��&lt;{�t	U3&amp;��MEC��S���S���'j�~m��ڜ�5aYXDo	�h���dH]k�����S乍9ڒ5��n��L������/cd�cd���o��o�̓A`[!�fv��$��$��a��C���7�i?�&lt;�?d���LHuF�6�e������������^'�/셳?�4�h���I(��-}y��׳�f�;}��m�����}�c:}^����#�S�TF���@�X���گ��}�򑖚�o'�(���y��n�g� ���݆������c����æv�K�i&lt;ÙT�X�����3xBܱ&lt;Gf�ʅ��򃇧���i���p��H�;�n:��cӣ��xV��n)45�,���?'R-� ������G�RGZH��M�}_���QJm��������֖*Q
�R��4eF1�ƈ�&gt;%3I	���[�.�f��Ւ��T��O���̂����FKuBĹi�#�|6�U���������|���EGDN��N�&gt;���6�[x��f��a�=��0�g�;�N1/�.�,N�%��'�zW��v@��['�/�+Qx���S#*�*i�s��"��#5	�fU�t%��o%�k��.�9`@��㮬r�K�$����:H��{������f}�Ӈ�`+�т���NgC�?Z���L�)u%=GI]���%�2sk��`��W�������w�d�"1
��#ȑ&gt;�j��#ȑ&gt;�k����HG��#r9�Ǒ���9���Ȩ��9���ȸ��9���Ȥ��9����4+�F�W��4���ma���a?/W�A���&lt;c�����`uA���MAe�ؿ�E9���~0���E@Q�j�&lt;�B���B ���]����H�#G0@��=r���#G0@��=r9�z�����������7w�T+*,'�ȸ6��i����_��F��|��#��#G0���@&gt;r���#G0���@���E�������_���PKTC�P��ӹ1xl/worksheets/sheet1.xml��_s����)4z�Sb�	ndgb3N:M��t�&gt;k-��D���o_����=#tl�&lt;qt�ß����v��k��z;W7�|V��u�������n���W˷����R��������K�&gt;,ǧ�r�:�ԇr����n�v����l�����N�r�.t����ܮ��ZǗ�p���Ŵu&lt;4�j=ta��ڭ���n������Ϛrs;�A}x�z��[�W��q���w���7����w��/��OM���ڗ�aϺܬN۶��Po�έ�[\@��C?6�gt��T���v�nu�.m�^��\V�/mז�I糧ӱ�w�}�Y}j�]~)_�m�:2�׵�����To���ٮ���V��Ƌ��Fe*וּ�ݖÑ�r�Ωs+���|�������*�&lt;�����|y�9�l.'S}�=��^Nv}�mlϳ�O.%g��6c���X���eS�͆;e64�]�"w��5?t�n�{���~�|�K��׾ճ��W&lt;�B���+~T�1&gt;�~���;CW��J�u�]����p=�\��2Wz8��\�r��bz���s4Ͼ8w8pD1�h��|�f��"c�h8����F)���)Ȣ)�(`�Ę2P�L�"g�̤�2�},������G����$H�e�e�s���-|���rW6�*�q�B�s�	{`�i%(�f��
��D��T0�Řʰ&lt;$	O�lZ�.�v�@�ʸ�,��ŸrX��'��*��ZL��B�����O9��� �A�O�9I�_������6"l�*V/_A��d�`i�斿~=E"쬘x;�̩(s
*�yfHJy/-e�d�;�T�]_(���C���P�+L���I��pS*�E
AB��4&lt;C�ɗ�O��N2��B����C!Ph�%�����b�!����@��B䡢�C!Xĉ��8��B��4�'�����(Q�q"h NR?	��[�SHo�B��@D!f����0�|��..�9_"�	�GTHT�(��&lt;4�'S��:��d�	�d�D��DE��B� HAi���Kr�r�wx�B|���D#{(�����G�䎿�tr�p�D��DGщF�0&lt;N$����K,���W��NtNt���0���@&lt;8Q�Y&gt;\�)R!+5���DG��F�0&lt;L$폅h�[ߡ��:�!:�Qt��&lt;�I��D{t�Qeƽy�p@':D':�N4���04&amp;�Ї2)�_!��4��቎���a!O��&gt;��y��Љщ����a!M�IưR�P*|�4�NtNt�hy"h O��E��s׆�NtNt�ha"h L&lt;��3�8��
�6�!6�(6!䎔ǉ��qBS�piʩ� ^�q`
�	E�	!w�&lt;K$���C�#��/�88��P����|/ix��=��ܔ�@��6��M��0G�4��i�&lt;M�&amp;0OC�F�	gjBlBQlB�)�I�ㄼ	�D�,�'p�=	lB!6�(6!��D�@�X&gt;����%R�M(�&amp;�&amp;�ܑA��o�D���T]:!�
�	E�	!xd�&amp;��ć��p)�ˮV�	������&lt;2A�⍜��%�| �
�	E�	!xd�&amp;���!g&lt;rW�u�Btb��� y8(�������0��\�0@'&amp;D'&amp;�N�_Ep/ix�=Ҏ��X��
'�Ą��D��A�p&lt;N$�3e�9���'�%k'&amp;'&amp;
N���Y"ix�NT�����\��1'&amp;��$n!�����XL�!�&lt;q��p�JBtb��� y�&amp;���C�~��8{m"�����(819ĉ��8I��q�A��k뀀ML�ML���D�@����,�5&amp;�D�5�&amp;&amp;�&amp;&amp;�MrGy"h O&lt;����&lt;��������(61�9����0����0�`�#��Ą��F��E�P	,Q�D�H̓�&gt;V�	�׀8�!8�Qpb����ǉ(�ybٴM����$Ґ�&gt;�!&gt;�Q|bGP���=�z�]���}����to1YV|X=��X5���8ۖ��g�M��3vs�h�ð��s�v�E��j]6��;����}c1��ϲ=f��9���_O���|yS������a���yv|Z����9�G�B�l���};,����mVU;�����z�����^��o�e��h����ͻe�^���z�;|�0����S�~�s�}-��i5��&lt;���^&gt;���f&lt;6Ȕ~�}x�����ŗ��Z���m���PKTC�PS��Կ�	xl/sharedStrings.xmluVMoA��W .=5K���*B�GI ���G�ٵ�:3%��F�T��{�����^�v���$�����A�Ǿ
F|}�Y���_�.�)�^��W�����/��=��OW�&amp;��עHUÎ�eرW�&amp;DGYƺH��dRÜ�-&gt;�G���a��0��5�=9y4,Nֿ�%���L�S����Xs&gt;��h/��x�����:&gt;C���s�km�P	����B��o�Mp)a��a�ms��ֳ����{-�������ЎWJ$����)Z�}�&gt;c�K��&gt;Ϲy���m�4vCt|ʈS�:@�Y�E��9ad*���h��l��t��+�uG���h��I��R�xn\�%o!�1f��ckZg����sG��ûY�T����b����иs��DTA�8��܆�Z��Zo��S�"0��C�i�X��;PzS,��0����g���ܪ��]Pl�t)a&amp;O!I(㲄Tck�q����m]�ײِ?"8v��[F�ccPe��: ӡ
0y�Kb��u+B�-Nv]�����X�Z�V�vP/%��M#�_ہ�k��Bߡ$	���B���yu�/%�Â׭
`eu�����_�K$�S��"�t��K�L	��1�Orɨ�O\KW�OW��3�3���5�[���8ʪ�;�5����Ó���Т`.9�ѫ��yԤgZ�P�96��PKTC�Pä���xl/styles.xml�X[o�0~ﯰ����Pu������Vګ� �#�����J��jB�`��w�wr�]��*����2�,��a�3���q�io�+��JV�H�X������hEr\^�0�I�ȱTS���ǥv�)9��8c0��:_�_3��nE��~�T�X�9�I�F��&gt;��C?�E��~�&lt;c�p]mq��XL*�pgZ�pN�͝�jT뻇0z�;��Df�dMCy''Ӈp�osӕ�(�Vj
� �,%l�&amp;�?n
Un�YM�ؽ`�
�qG��%�Y��H�t\G�,k1^K��C�v�N�r�Al�y��1Q�M�Ò�X���!f��&gt;%�T�"KW�.y��&lt;W�8�)g���G��E��,��fEڮ0���D�X+�&amp;�!����B�O�n����Z�We򪊠���ލàĆ6ةlON���CD(}�h���-�J��g�qQ���:_�0�v+]p�_����}5!���R����O�%��9�8*	ܘ�C��u��eV����t�L�3�r\����ӻi�����#l��{4w��{�v �-p�H*�l�/��a2�2�2���&lt;�t۫CŻ���&amp;;��]�B���B�\L{]�K���b�|��LP}���wN�[)�o�x�s�TI�w�Ψ̘����Ya�U{r6Z����Fq����C�/Ǽ��ti�L�A��1�v��ث_s��q�_�F��9��!-?�9��̙zxԧ���Ӑ���i"�?�۫=j~Ծ���PKTC�P�܊��[Content_Types].xml���n�0E���(�*1tQU�Ei�-R��x��l��w
��@�I��{g�N2�6��j0�+9��� �@f�qY���G�O'��N��p���tN�b���� 1�+#��GSM�5-�&lt;�$Sҁt���d4��n*�7��"Go�u�jS�+�Q�i�$��lXKvR]�WY�d�Ɩ\��n����ā��J��a����R� ��a��y���0�:�Ih����gÜPu�Yd�{���g�T��������A7�mnr��e�p�Jۻ���7�pќ�I�d�Fi���@�\���z:�(�q8�^G����S�Sc�.�n*�Uf�Tj}�u`ȩ�\��%5������w/���:ܮ��Њ�qv�A��ux�+s���Z�ކw������?���/PK&gt;TC�P��U��;_rels/.relsPK&gt;TC�P!��docProps/core.xmlPK&gt;TC�P���/��docProps/app.xmlPK&gt;TC�P����r�xl/workbook.xmlPK&gt;TC�P�[��xl/_rels/workbook.xml.relsPK&gt;TC�PYȻ���U2xl/theme/theme1.xmlPK&gt;TC�P��ӹ1axl/worksheets/sheet1.xmlPK&gt;TC�PS��Կ�	dxl/sharedStrings.xmlPK&gt;TC�Pä���ixl/styles.xmlPK&gt;TC�P�܊���[Content_Types].xmlPK

�w 
 </msg>
<status status="PASS" starttime="20210413 15:47:47.389" endtime="20210413 15:47:47.765"></status>
</kw>
<status status="PASS" starttime="20210413 15:47:47.388" endtime="20210413 15:47:47.765"></status>
</kw>
<kw name="Fill And Submit The Form Using Excel Data">
<kw name="Open Workbook" library="RPA.Excel.Files">
<doc>Open an existing Excel workbook.</doc>
<arguments>
<arg>SalesData.xlsx</arg>
</arguments>
<msg timestamp="20210413 15:47:47.793" level="INFO">Opened workbook: &lt;RPA.Excel.Files.XlsxWorkbook object at 0x000002E1B5F00708&gt;</msg>
<status status="PASS" starttime="20210413 15:47:47.766" endtime="20210413 15:47:47.793"></status>
</kw>
<kw name="Read Worksheet As Table" library="RPA.Excel.Files">
<doc>Read the content of a worksheet into a Table container. Allows
sorting/filtering/manipulating using the `RPA.Tables` library.</doc>
<arguments>
<arg>header=True</arg>
</arguments>
<assign>
<var>${sales_reps}</var>
</assign>
<msg timestamp="20210413 15:47:47.795" level="INFO">Created table: Table(columns=['First Name', 'Last Name', 'Sales', 'Sales Target'], rows=50)</msg>
<msg timestamp="20210413 15:47:47.795" level="INFO">${sales_reps} = Table(columns=['First Name', 'Last Name', 'Sales', 'Sales Target'], rows=50)</msg>
<status status="PASS" starttime="20210413 15:47:47.793" endtime="20210413 15:47:47.795"></status>
</kw>
<kw name="Close Workbook" library="RPA.Excel.Files">
<doc>Close the active workbook.</doc>
<msg timestamp="20210413 15:47:47.796" level="INFO">Closing workbook: &lt;RPA.Excel.Files.XlsxWorkbook object at 0x000002E1B5F00708&gt;</msg>
<status status="PASS" starttime="20210413 15:47:47.795" endtime="20210413 15:47:47.796"></status>
</kw>
<kw name="${sales_rep} IN [ @{sales_reps} ]" type="for">
<kw name="${sales_rep} = {'First Name': 'David', 'Last Name': 'Heazel', 'Sales': 80193, 'Sales Target': 30000}" type="foritem">
<kw name="Fill And Submit The Form For One Person">
<arguments>
<arg>${sales_rep}</arg>
</arguments>
<kw name="Input Text" library="RPA.Browser.Selenium">
<doc>Types the given ``text`` into the text field identified by ``locator``.</doc>
<arguments>
<arg>firstname</arg>
<arg>${sales_rep}[First Name]</arg>
</arguments>
<msg timestamp="20210413 15:47:47.799" level="INFO">Typing text 'David' into text field 'firstname'.</msg>
<status status="PASS" starttime="20210413 15:47:47.798" endtime="20210413 15:47:47.903"></status>
</kw>
<kw name="Input Text" library="RPA.Browser.Selenium">
<doc>Types the given ``text`` into the text field identified by ``locator``.</doc>
<arguments>
<arg>lastname</arg>
<arg>${sales_rep}[Last Name]</arg>
</arguments>
<msg timestamp="20210413 15:47:47.903" level="INFO">Typing text 'Heazel' into text field 'lastname'.</msg>
<status status="PASS" starttime="20210413 15:47:47.903" endtime="20210413 15:47:47.988"></status>
</kw>
<kw name="Input Text" library="RPA.Browser.Selenium">
<doc>Types the given ``text`` into the text field identified by ``locator``.</doc>
<arguments>
<arg>salesresult</arg>
<arg>${sales_rep}[Sales]</arg>
</arguments>
<msg timestamp="20210413 15:47:47.988" level="INFO">Typing text '80193' into text field 'salesresult'.</msg>
<status status="PASS" starttime="20210413 15:47:47.988" endtime="20210413 15:47:48.064"></status>
</kw>
<kw name="Convert To String" library="BuiltIn">
<doc>Converts the given item to a Unicode string.</doc>
<arguments>
<arg>${sales_rep}[Sales Target]</arg>
</arguments>
<assign>
<var>${target_as_string}</var>
</assign>
<msg timestamp="20210413 15:47:48.064" level="INFO">${target_as_string} = 30000</msg>
<status status="PASS" starttime="20210413 15:47:48.064" endtime="20210413 15:47:48.064"></status>
</kw>
<kw name="Select From List By Value" library="RPA.Browser.Selenium">
<doc>Selects options from selection list ``locator`` by ``values``.</doc>
<arguments>
<arg>salestarget</arg>
<arg>${target_as_string}</arg>
</arguments>
<msg timestamp="20210413 15:47:48.065" level="INFO">Selecting options from selection list 'salestarget' by value 30000.</msg>
<status status="PASS" starttime="20210413 15:47:48.064" endtime="20210413 15:47:48.125"></status>
</kw>
<kw name="Click Button" library="RPA.Browser.Selenium">
<doc>Clicks the button identified by ``locator``.</doc>
<arguments>
<arg>Submit</arg>
</arguments>
<msg timestamp="20210413 15:47:48.127" level="INFO">Clicking button 'Submit'.</msg>
<status status="PASS" starttime="20210413 15:47:48.127" endtime="20210413 15:47:48.459"></status>
</kw>
<status status="PASS" starttime="20210413 15:47:47.797" endtime="20210413 15:47:48.459"></status>
</kw>
<status status="PASS" starttime="20210413 15:47:47.797" endtime="20210413 15:47:48.459"></status>
</kw>
<kw name="${sales_rep} = {'First Name': 'Conte', 'Last Name': 'Mascetti', 'Sales': 141182, 'Sales Target': 35000}" type="foritem">
<kw name="Fill And Submit The Form For One Person">
<arguments>
<arg>${sales_rep}</arg>
</arguments>
<kw name="Input Text" library="RPA.Browser.Selenium">
<doc>Types the given ``text`` into the text field identified by ``locator``.</doc>
<arguments>
<arg>firstname</arg>
<arg>${sales_rep}[First Name]</arg>
</arguments>
<msg timestamp="20210413 15:47:48.461" level="INFO">Typing text 'Conte' into text field 'firstname'.</msg>
<status status="PASS" starttime="20210413 15:47:48.461" endtime="20210413 15:47:48.539"></status>
</kw>
<kw name="Input Text" library="RPA.Browser.Selenium">
<doc>Types the given ``text`` into the text field identified by ``locator``.</doc>
<arguments>
<arg>lastname</arg>
<arg>${sales_rep}[Last Name]</arg>
</arguments>
<msg timestamp="20210413 15:47:48.539" level="INFO">Typing text 'Mascetti' into text field 'lastname'.</msg>
<status status="PASS" starttime="20210413 15:47:48.539" endtime="20210413 15:47:48.617"></status>
</kw>
<kw name="Input Text" library="RPA.Browser.Selenium">
<doc>Types the given ``text`` into the text field identified by ``locator``.</doc>
<arguments>
<arg>salesresult</arg>
<arg>${sales_rep}[Sales]</arg>
</arguments>
<msg timestamp="20210413 15:47:48.617" level="INFO">Typing text '141182' into text field 'salesresult'.</msg>
<status status="PASS" starttime="20210413 15:47:48.617" endtime="20210413 15:47:48.683"></status>
</kw>
<kw name="Convert To String" library="BuiltIn">
<doc>Converts the given item to a Unicode string.</doc>
<arguments>
<arg>${sales_rep}[Sales Target]</arg>
</arguments>
<assign>
<var>${target_as_string}</var>
</assign>
<msg timestamp="20210413 15:47:48.683" level="INFO">${target_as_string} = 35000</msg>
<status status="PASS" starttime="20210413 15:47:48.683" endtime="20210413 15:47:48.683"></status>
</kw>
<kw name="Select From List By Value" library="RPA.Browser.Selenium">
<doc>Selects options from selection list ``locator`` by ``values``.</doc>
<arguments>
<arg>salestarget</arg>
<arg>${target_as_string}</arg>
</arguments>
<msg timestamp="20210413 15:47:48.683" level="INFO">Selecting options from selection list 'salestarget' by value 35000.</msg>
<status status="PASS" starttime="20210413 15:47:48.683" endtime="20210413 15:47:48.741"></status>
</kw>
<kw name="Click Button" library="RPA.Browser.Selenium">
<doc>Clicks the button identified by ``locator``.</doc>
<arguments>
<arg>Submit</arg>
</arguments>
<msg timestamp="20210413 15:47:48.741" level="INFO">Clicking button 'Submit'.</msg>
<status status="PASS" starttime="20210413 15:47:48.741" endtime="20210413 15:47:49.065"></status>
</kw>
<status status="PASS" starttime="20210413 15:47:48.460" endtime="20210413 15:47:49.065"></status>
</kw>
<status status="PASS" starttime="20210413 15:47:48.460" endtime="20210413 15:47:49.065"></status>
</kw>
<kw name="${sales_rep} = {'First Name': 'Dallon', 'Last Name': 'Seals', 'Sales': 61456, 'Sales Target': 15000}" type="foritem">
<kw name="Fill And Submit The Form For One Person">
<arguments>
<arg>${sales_rep}</arg>
</arguments>
<kw name="Input Text" library="RPA.Browser.Selenium">
<doc>Types the given ``text`` into the text field identified by ``locator``.</doc>
<arguments>
<arg>firstname</arg>
<arg>${sales_rep}[First Name]</arg>
</arguments>
<msg timestamp="20210413 15:47:49.066" level="INFO">Typing text 'Dallon' into text field 'firstname'.</msg>
<status status="PASS" starttime="20210413 15:47:49.066" endtime="20210413 15:47:49.149"></status>
</kw>
<kw name="Input Text" library="RPA.Browser.Selenium">
<doc>Types the given ``text`` into the text field identified by ``locator``.</doc>
<arguments>
<arg>lastname</arg>
<arg>${sales_rep}[Last Name]</arg>
</arguments>
<msg timestamp="20210413 15:47:49.149" level="INFO">Typing text 'Seals' into text field 'lastname'.</msg>
<status status="PASS" starttime="20210413 15:47:49.149" endtime="20210413 15:47:49.219"></status>
</kw>
<kw name="Input Text" library="RPA.Browser.Selenium">
<doc>Types the given ``text`` into the text field identified by ``locator``.</doc>
<arguments>
<arg>salesresult</arg>
<arg>${sales_rep}[Sales]</arg>
</arguments>
<msg timestamp="20210413 15:47:49.220" level="INFO">Typing text '61456' into text field 'salesresult'.</msg>
<status status="PASS" starttime="20210413 15:47:49.219" endtime="20210413 15:47:49.285"></status>
</kw>
<kw name="Convert To String" library="BuiltIn">
<doc>Converts the given item to a Unicode string.</doc>
<arguments>
<arg>${sales_rep}[Sales Target]</arg>
</arguments>
<assign>
<var>${target_as_string}</var>
</assign>
<msg timestamp="20210413 15:47:49.285" level="INFO">${target_as_string} = 15000</msg>
<status status="PASS" starttime="20210413 15:47:49.285" endtime="20210413 15:47:49.285"></status>
</kw>
<kw name="Select From List By Value" library="RPA.Browser.Selenium">
<doc>Selects options from selection list ``locator`` by ``values``.</doc>
<arguments>
<arg>salestarget</arg>
<arg>${target_as_string}</arg>
</arguments>
<msg timestamp="20210413 15:47:49.286" level="INFO">Selecting options from selection list 'salestarget' by value 15000.</msg>
<status status="PASS" starttime="20210413 15:47:49.285" endtime="20210413 15:47:49.352"></status>
</kw>
<kw name="Click Button" library="RPA.Browser.Selenium">
<doc>Clicks the button identified by ``locator``.</doc>
<arguments>
<arg>Submit</arg>
</arguments>
<msg timestamp="20210413 15:47:49.352" level="INFO">Clicking button 'Submit'.</msg>
<status status="PASS" starttime="20210413 15:47:49.352" endtime="20210413 15:47:49.674"></status>
</kw>
<status status="PASS" starttime="20210413 15:47:49.066" endtime="20210413 15:47:49.674"></status>
</kw>
<status status="PASS" starttime="20210413 15:47:49.065" endtime="20210413 15:47:49.674"></status>
</kw>
<kw name="${sales_rep} = {'First Name': 'Jocelyn', 'Last Name': 'Thomsson', 'Sales': 99354, 'Sales Target': 95000}" type="foritem">
<kw name="Fill And Submit The Form For One Person">
<arguments>
<arg>${sales_rep}</arg>
</arguments>
<kw name="Input Text" library="RPA.Browser.Selenium">
<doc>Types the given ``text`` into the text field identified by ``locator``.</doc>
<arguments>
<arg>firstname</arg>
<arg>${sales_rep}[First Name]</arg>
</arguments>
<msg timestamp="20210413 15:47:49.675" level="INFO">Typing text 'Jocelyn' into text field 'firstname'.</msg>
<status status="PASS" starttime="20210413 15:47:49.675" endtime="20210413 15:47:49.761"></status>
</kw>
<kw name="Input Text" library="RPA.Browser.Selenium">
<doc>Types the given ``text`` into the text field identified by ``locator``.</doc>
<arguments>
<arg>lastname</arg>
<arg>${sales_rep}[Last Name]</arg>
</arguments>
<msg timestamp="20210413 15:47:49.761" level="INFO">Typing text 'Thomsson' into text field 'lastname'.</msg>
<status status="PASS" starttime="20210413 15:47:49.761" endtime="20210413 15:47:49.851"></status>
</kw>
<kw name="Input Text" library="RPA.Browser.Selenium">
<doc>Types the given ``text`` into the text field identified by ``locator``.</doc>
<arguments>
<arg>salesresult</arg>
<arg>${sales_rep}[Sales]</arg>
</arguments>
<msg timestamp="20210413 15:47:49.851" level="INFO">Typing text '99354' into text field 'salesresult'.</msg>
<status status="PASS" starttime="20210413 15:47:49.851" endtime="20210413 15:47:49.916"></status>
</kw>
<kw name="Convert To String" library="BuiltIn">
<doc>Converts the given item to a Unicode string.</doc>
<arguments>
<arg>${sales_rep}[Sales Target]</arg>
</arguments>
<assign>
<var>${target_as_string}</var>
</assign>
<msg timestamp="20210413 15:47:49.917" level="INFO">${target_as_string} = 95000</msg>
<status status="PASS" starttime="20210413 15:47:49.917" endtime="20210413 15:47:49.917"></status>
</kw>
<kw name="Select From List By Value" library="RPA.Browser.Selenium">
<doc>Selects options from selection list ``locator`` by ``values``.</doc>
<arguments>
<arg>salestarget</arg>
<arg>${target_as_string}</arg>
</arguments>
<msg timestamp="20210413 15:47:49.917" level="INFO">Selecting options from selection list 'salestarget' by value 95000.</msg>
<status status="PASS" starttime="20210413 15:47:49.917" endtime="20210413 15:47:49.973"></status>
</kw>
<kw name="Click Button" library="RPA.Browser.Selenium">
<doc>Clicks the button identified by ``locator``.</doc>
<arguments>
<arg>Submit</arg>
</arguments>
<msg timestamp="20210413 15:47:49.974" level="INFO">Clicking button 'Submit'.</msg>
<status status="PASS" starttime="20210413 15:47:49.974" endtime="20210413 15:47:50.289"></status>
</kw>
<status status="PASS" starttime="20210413 15:47:49.674" endtime="20210413 15:47:50.290"></status>
</kw>
<status status="PASS" starttime="20210413 15:47:49.674" endtime="20210413 15:47:50.290"></status>
</kw>
<kw name="${sales_rep} = {'First Name': 'Yoko', 'Last Name': 'Flecknell', 'Sales': 139701, 'Sales Target': 50000}" type="foritem">
<kw name="Fill And Submit The Form For One Person">
<arguments>
<arg>${sales_rep}</arg>
</arguments>
<kw name="Input Text" library="RPA.Browser.Selenium">
<doc>Types the given ``text`` into the text field identified by ``locator``.</doc>
<arguments>
<arg>firstname</arg>
<arg>${sales_rep}[First Name]</arg>
</arguments>
<msg timestamp="20210413 15:47:50.291" level="INFO">Typing text 'Yoko' into text field 'firstname'.</msg>
<status status="PASS" starttime="20210413 15:47:50.290" endtime="20210413 15:47:50.380"></status>
</kw>
<kw name="Input Text" library="RPA.Browser.Selenium">
<doc>Types the given ``text`` into the text field identified by ``locator``.</doc>
<arguments>
<arg>lastname</arg>
<arg>${sales_rep}[Last Name]</arg>
</arguments>
<msg timestamp="20210413 15:47:50.380" level="INFO">Typing text 'Flecknell' into text field 'lastname'.</msg>
<status status="PASS" starttime="20210413 15:47:50.380" endtime="20210413 15:47:50.468"></status>
</kw>
<kw name="Input Text" library="RPA.Browser.Selenium">
<doc>Types the given ``text`` into the text field identified by ``locator``.</doc>
<arguments>
<arg>salesresult</arg>
<arg>${sales_rep}[Sales]</arg>
</arguments>
<msg timestamp="20210413 15:47:50.469" level="INFO">Typing text '139701' into text field 'salesresult'.</msg>
<status status="PASS" starttime="20210413 15:47:50.468" endtime="20210413 15:47:50.550"></status>
</kw>
<kw name="Convert To String" library="BuiltIn">
<doc>Converts the given item to a Unicode string.</doc>
<arguments>
<arg>${sales_rep}[Sales Target]</arg>
</arguments>
<assign>
<var>${target_as_string}</var>
</assign>
<msg timestamp="20210413 15:47:50.550" level="INFO">${target_as_string} = 50000</msg>
<status status="PASS" starttime="20210413 15:47:50.550" endtime="20210413 15:47:50.550"></status>
</kw>
<kw name="Select From List By Value" library="RPA.Browser.Selenium">
<doc>Selects options from selection list ``locator`` by ``values``.</doc>
<arguments>
<arg>salestarget</arg>
<arg>${target_as_string}</arg>
</arguments>
<msg timestamp="20210413 15:47:50.550" level="INFO">Selecting options from selection list 'salestarget' by value 50000.</msg>
<status status="PASS" starttime="20210413 15:47:50.550" endtime="20210413 15:47:50.609"></status>
</kw>
<kw name="Click Button" library="RPA.Browser.Selenium">
<doc>Clicks the button identified by ``locator``.</doc>
<arguments>
<arg>Submit</arg>
</arguments>
<msg timestamp="20210413 15:47:50.610" level="INFO">Clicking button 'Submit'.</msg>
<status status="PASS" starttime="20210413 15:47:50.610" endtime="20210413 15:47:50.944"></status>
</kw>
<status status="PASS" starttime="20210413 15:47:50.290" endtime="20210413 15:47:50.945"></status>
</kw>
<status status="PASS" starttime="20210413 15:47:50.290" endtime="20210413 15:47:50.945"></status>
</kw>
<kw name="${sales_rep} = {'First Name': 'Ninnette', 'Last Name': 'Heinssen', 'Sales': 63808, 'Sales Target': 25000}" type="foritem">
<kw name="Fill And Submit The Form For One Person">
<arguments>
<arg>${sales_rep}</arg>
</arguments>
<kw name="Input Text" library="RPA.Browser.Selenium">
<doc>Types the given ``text`` into the text field identified by ``locator``.</doc>
<arguments>
<arg>firstname</arg>
<arg>${sales_rep}[First Name]</arg>
</arguments>
<msg timestamp="20210413 15:47:50.945" level="INFO">Typing text 'Ninnette' into text field 'firstname'.</msg>
<status status="PASS" starttime="20210413 15:47:50.945" endtime="20210413 15:47:51.045"></status>
</kw>
<kw name="Input Text" library="RPA.Browser.Selenium">
<doc>Types the given ``text`` into the text field identified by ``locator``.</doc>
<arguments>
<arg>lastname</arg>
<arg>${sales_rep}[Last Name]</arg>
</arguments>
<msg timestamp="20210413 15:47:51.045" level="INFO">Typing text 'Heinssen' into text field 'lastname'.</msg>
<status status="PASS" starttime="20210413 15:47:51.045" endtime="20210413 15:47:51.131"></status>
</kw>
<kw name="Input Text" library="RPA.Browser.Selenium">
<doc>Types the given ``text`` into the text field identified by ``locator``.</doc>
<arguments>
<arg>salesresult</arg>
<arg>${sales_rep}[Sales]</arg>
</arguments>
<msg timestamp="20210413 15:47:51.131" level="INFO">Typing text '63808' into text field 'salesresult'.</msg>
<status status="PASS" starttime="20210413 15:47:51.131" endtime="20210413 15:47:51.204"></status>
</kw>
<kw name="Convert To String" library="BuiltIn">
<doc>Converts the given item to a Unicode string.</doc>
<arguments>
<arg>${sales_rep}[Sales Target]</arg>
</arguments>
<assign>
<var>${target_as_string}</var>
</assign>
<msg timestamp="20210413 15:47:51.205" level="INFO">${target_as_string} = 25000</msg>
<status status="PASS" starttime="20210413 15:47:51.205" endtime="20210413 15:47:51.205"></status>
</kw>
<kw name="Select From List By Value" library="RPA.Browser.Selenium">
<doc>Selects options from selection list ``locator`` by ``values``.</doc>
<arguments>
<arg>salestarget</arg>
<arg>${target_as_string}</arg>
</arguments>
<msg timestamp="20210413 15:47:51.205" level="INFO">Selecting options from selection list 'salestarget' by value 25000.</msg>
<status status="PASS" starttime="20210413 15:47:51.205" endtime="20210413 15:47:51.261"></status>
</kw>
<kw name="Click Button" library="RPA.Browser.Selenium">
<doc>Clicks the button identified by ``locator``.</doc>
<arguments>
<arg>Submit</arg>
</arguments>
<msg timestamp="20210413 15:47:51.261" level="INFO">Clicking button 'Submit'.</msg>
<status status="PASS" starttime="20210413 15:47:51.261" endtime="20210413 15:47:51.587"></status>
</kw>
<status status="PASS" starttime="20210413 15:47:50.945" endtime="20210413 15:47:51.587"></status>
</kw>
<status status="PASS" starttime="20210413 15:47:50.945" endtime="20210413 15:47:51.587"></status>
</kw>
<kw name="${sales_rep} = {'First Name': 'Ahmed', 'Last Name': 'Vasnetsov', 'Sales': 50211, 'Sales Target': 60000}" type="foritem">
<kw name="Fill And Submit The Form For One Person">
<arguments>
<arg>${sales_rep}</arg>
</arguments>
<kw name="Input Text" library="RPA.Browser.Selenium">
<doc>Types the given ``text`` into the text field identified by ``locator``.</doc>
<arguments>
<arg>firstname</arg>
<arg>${sales_rep}[First Name]</arg>
</arguments>
<msg timestamp="20210413 15:47:51.589" level="INFO">Typing text 'Ahmed' into text field 'firstname'.</msg>
<status status="PASS" starttime="20210413 15:47:51.588" endtime="20210413 15:47:51.674"></status>
</kw>
<kw name="Input Text" library="RPA.Browser.Selenium">
<doc>Types the given ``text`` into the text field identified by ``locator``.</doc>
<arguments>
<arg>lastname</arg>
<arg>${sales_rep}[Last Name]</arg>
</arguments>
<msg timestamp="20210413 15:47:51.675" level="INFO">Typing text 'Vasnetsov' into text field 'lastname'.</msg>
<status status="PASS" starttime="20210413 15:47:51.674" endtime="20210413 15:47:51.745"></status>
</kw>
<kw name="Input Text" library="RPA.Browser.Selenium">
<doc>Types the given ``text`` into the text field identified by ``locator``.</doc>
<arguments>
<arg>salesresult</arg>
<arg>${sales_rep}[Sales]</arg>
</arguments>
<msg timestamp="20210413 15:47:51.746" level="INFO">Typing text '50211' into text field 'salesresult'.</msg>
<status status="PASS" starttime="20210413 15:47:51.745" endtime="20210413 15:47:51.821"></status>
</kw>
<kw name="Convert To String" library="BuiltIn">
<doc>Converts the given item to a Unicode string.</doc>
<arguments>
<arg>${sales_rep}[Sales Target]</arg>
</arguments>
<assign>
<var>${target_as_string}</var>
</assign>
<msg timestamp="20210413 15:47:51.821" level="INFO">${target_as_string} = 60000</msg>
<status status="PASS" starttime="20210413 15:47:51.821" endtime="20210413 15:47:51.821"></status>
</kw>
<kw name="Select From List By Value" library="RPA.Browser.Selenium">
<doc>Selects options from selection list ``locator`` by ``values``.</doc>
<arguments>
<arg>salestarget</arg>
<arg>${target_as_string}</arg>
</arguments>
<msg timestamp="20210413 15:47:51.821" level="INFO">Selecting options from selection list 'salestarget' by value 60000.</msg>
<status status="PASS" starttime="20210413 15:47:51.821" endtime="20210413 15:47:51.875"></status>
</kw>
<kw name="Click Button" library="RPA.Browser.Selenium">
<doc>Clicks the button identified by ``locator``.</doc>
<arguments>
<arg>Submit</arg>
</arguments>
<msg timestamp="20210413 15:47:51.875" level="INFO">Clicking button 'Submit'.</msg>
<status status="PASS" starttime="20210413 15:47:51.875" endtime="20210413 15:47:52.179"></status>
</kw>
<status status="PASS" starttime="20210413 15:47:51.588" endtime="20210413 15:47:52.179"></status>
</kw>
<status status="PASS" starttime="20210413 15:47:51.588" endtime="20210413 15:47:52.179"></status>
</kw>
<kw name="${sales_rep} = {'First Name': 'Pearline', 'Last Name': 'Fenton', 'Sales': 78556, 'Sales Target': 35000}" type="foritem">
<kw name="Fill And Submit The Form For One Person">
<arguments>
<arg>${sales_rep}</arg>
</arguments>
<kw name="Input Text" library="RPA.Browser.Selenium">
<doc>Types the given ``text`` into the text field identified by ``locator``.</doc>
<arguments>
<arg>firstname</arg>
<arg>${sales_rep}[First Name]</arg>
</arguments>
<msg timestamp="20210413 15:47:52.180" level="INFO">Typing text 'Pearline' into text field 'firstname'.</msg>
<status status="PASS" starttime="20210413 15:47:52.180" endtime="20210413 15:47:52.265"></status>
</kw>
<kw name="Input Text" library="RPA.Browser.Selenium">
<doc>Types the given ``text`` into the text field identified by ``locator``.</doc>
<arguments>
<arg>lastname</arg>
<arg>${sales_rep}[Last Name]</arg>
</arguments>
<msg timestamp="20210413 15:47:52.266" level="INFO">Typing text 'Fenton' into text field 'lastname'.</msg>
<status status="PASS" starttime="20210413 15:47:52.265" endtime="20210413 15:47:52.346"></status>
</kw>
<kw name="Input Text" library="RPA.Browser.Selenium">
<doc>Types the given ``text`` into the text field identified by ``locator``.</doc>
<arguments>
<arg>salesresult</arg>
<arg>${sales_rep}[Sales]</arg>
</arguments>
<msg timestamp="20210413 15:47:52.346" level="INFO">Typing text '78556' into text field 'salesresult'.</msg>
<status status="PASS" starttime="20210413 15:47:52.346" endtime="20210413 15:47:52.412"></status>
</kw>
<kw name="Convert To String" library="BuiltIn">
<doc>Converts the given item to a Unicode string.</doc>
<arguments>
<arg>${sales_rep}[Sales Target]</arg>
</arguments>
<assign>
<var>${target_as_string}</var>
</assign>
<msg timestamp="20210413 15:47:52.413" level="INFO">${target_as_string} = 35000</msg>
<status status="PASS" starttime="20210413 15:47:52.412" endtime="20210413 15:47:52.413"></status>
</kw>
<kw name="Select From List By Value" library="RPA.Browser.Selenium">
<doc>Selects options from selection list ``locator`` by ``values``.</doc>
<arguments>
<arg>salestarget</arg>
<arg>${target_as_string}</arg>
</arguments>
<msg timestamp="20210413 15:47:52.413" level="INFO">Selecting options from selection list 'salestarget' by value 35000.</msg>
<status status="PASS" starttime="20210413 15:47:52.413" endtime="20210413 15:47:52.469"></status>
</kw>
<kw name="Click Button" library="RPA.Browser.Selenium">
<doc>Clicks the button identified by ``locator``.</doc>
<arguments>
<arg>Submit</arg>
</arguments>
<msg timestamp="20210413 15:47:52.470" level="INFO">Clicking button 'Submit'.</msg>
<status status="PASS" starttime="20210413 15:47:52.469" endtime="20210413 15:47:52.779"></status>
</kw>
<status status="PASS" starttime="20210413 15:47:52.179" endtime="20210413 15:47:52.780"></status>
</kw>
<status status="PASS" starttime="20210413 15:47:52.179" endtime="20210413 15:47:52.780"></status>
</kw>
<kw name="${sales_rep} = {'First Name': 'Lelah', 'Last Name': 'Yewdale', 'Sales': 122695, 'Sales Target': 100000}" type="foritem">
<kw name="Fill And Submit The Form For One Person">
<arguments>
<arg>${sales_rep}</arg>
</arguments>
<kw name="Input Text" library="RPA.Browser.Selenium">
<doc>Types the given ``text`` into the text field identified by ``locator``.</doc>
<arguments>
<arg>firstname</arg>
<arg>${sales_rep}[First Name]</arg>
</arguments>
<msg timestamp="20210413 15:47:52.781" level="INFO">Typing text 'Lelah' into text field 'firstname'.</msg>
<status status="PASS" starttime="20210413 15:47:52.780" endtime="20210413 15:47:52.871"></status>
</kw>
<kw name="Input Text" library="RPA.Browser.Selenium">
<doc>Types the given ``text`` into the text field identified by ``locator``.</doc>
<arguments>
<arg>lastname</arg>
<arg>${sales_rep}[Last Name]</arg>
</arguments>
<msg timestamp="20210413 15:47:52.871" level="INFO">Typing text 'Yewdale' into text field 'lastname'.</msg>
<status status="PASS" starttime="20210413 15:47:52.871" endtime="20210413 15:47:52.951"></status>
</kw>
<kw name="Input Text" library="RPA.Browser.Selenium">
<doc>Types the given ``text`` into the text field identified by ``locator``.</doc>
<arguments>
<arg>salesresult</arg>
<arg>${sales_rep}[Sales]</arg>
</arguments>
<msg timestamp="20210413 15:47:52.952" level="INFO">Typing text '122695' into text field 'salesresult'.</msg>
<status status="PASS" starttime="20210413 15:47:52.952" endtime="20210413 15:47:53.019"></status>
</kw>
<kw name="Convert To String" library="BuiltIn">
<doc>Converts the given item to a Unicode string.</doc>
<arguments>
<arg>${sales_rep}[Sales Target]</arg>
</arguments>
<assign>
<var>${target_as_string}</var>
</assign>
<msg timestamp="20210413 15:47:53.019" level="INFO">${target_as_string} = 100000</msg>
<status status="PASS" starttime="20210413 15:47:53.019" endtime="20210413 15:47:53.019"></status>
</kw>
<kw name="Select From List By Value" library="RPA.Browser.Selenium">
<doc>Selects options from selection list ``locator`` by ``values``.</doc>
<arguments>
<arg>salestarget</arg>
<arg>${target_as_string}</arg>
</arguments>
<msg timestamp="20210413 15:47:53.020" level="INFO">Selecting options from selection list 'salestarget' by value 100000.</msg>
<status status="PASS" starttime="20210413 15:47:53.020" endtime="20210413 15:47:53.072"></status>
</kw>
<kw name="Click Button" library="RPA.Browser.Selenium">
<doc>Clicks the button identified by ``locator``.</doc>
<arguments>
<arg>Submit</arg>
</arguments>
<msg timestamp="20210413 15:47:53.072" level="INFO">Clicking button 'Submit'.</msg>
<status status="PASS" starttime="20210413 15:47:53.072" endtime="20210413 15:47:53.377"></status>
</kw>
<status status="PASS" starttime="20210413 15:47:52.780" endtime="20210413 15:47:53.378"></status>
</kw>
<status status="PASS" starttime="20210413 15:47:52.780" endtime="20210413 15:47:53.378"></status>
</kw>
<kw name="${sales_rep} = {'First Name': 'Belinda', 'Last Name': 'Blumenthal', 'Sales': 115410, 'Sales Target': 70000}" type="foritem">
<kw name="Fill And Submit The Form For One Person">
<arguments>
<arg>${sales_rep}</arg>
</arguments>
<kw name="Input Text" library="RPA.Browser.Selenium">
<doc>Types the given ``text`` into the text field identified by ``locator``.</doc>
<arguments>
<arg>firstname</arg>
<arg>${sales_rep}[First Name]</arg>
</arguments>
<msg timestamp="20210413 15:47:53.379" level="INFO">Typing text 'Belinda' into text field 'firstname'.</msg>
<status status="PASS" starttime="20210413 15:47:53.378" endtime="20210413 15:47:53.464"></status>
</kw>
<kw name="Input Text" library="RPA.Browser.Selenium">
<doc>Types the given ``text`` into the text field identified by ``locator``.</doc>
<arguments>
<arg>lastname</arg>
<arg>${sales_rep}[Last Name]</arg>
</arguments>
<msg timestamp="20210413 15:47:53.464" level="INFO">Typing text 'Blumenthal' into text field 'lastname'.</msg>
<status status="PASS" starttime="20210413 15:47:53.464" endtime="20210413 15:47:53.544"></status>
</kw>
<kw name="Input Text" library="RPA.Browser.Selenium">
<doc>Types the given ``text`` into the text field identified by ``locator``.</doc>
<arguments>
<arg>salesresult</arg>
<arg>${sales_rep}[Sales]</arg>
</arguments>
<msg timestamp="20210413 15:47:53.545" level="INFO">Typing text '115410' into text field 'salesresult'.</msg>
<status status="PASS" starttime="20210413 15:47:53.544" endtime="20210413 15:47:53.613"></status>
</kw>
<kw name="Convert To String" library="BuiltIn">
<doc>Converts the given item to a Unicode string.</doc>
<arguments>
<arg>${sales_rep}[Sales Target]</arg>
</arguments>
<assign>
<var>${target_as_string}</var>
</assign>
<msg timestamp="20210413 15:47:53.613" level="INFO">${target_as_string} = 70000</msg>
<status status="PASS" starttime="20210413 15:47:53.613" endtime="20210413 15:47:53.613"></status>
</kw>
<kw name="Select From List By Value" library="RPA.Browser.Selenium">
<doc>Selects options from selection list ``locator`` by ``values``.</doc>
<arguments>
<arg>salestarget</arg>
<arg>${target_as_string}</arg>
</arguments>
<msg timestamp="20210413 15:47:53.614" level="INFO">Selecting options from selection list 'salestarget' by value 70000.</msg>
<status status="PASS" starttime="20210413 15:47:53.614" endtime="20210413 15:47:53.662"></status>
</kw>
<kw name="Click Button" library="RPA.Browser.Selenium">
<doc>Clicks the button identified by ``locator``.</doc>
<arguments>
<arg>Submit</arg>
</arguments>
<msg timestamp="20210413 15:47:53.662" level="INFO">Clicking button 'Submit'.</msg>
<status status="PASS" starttime="20210413 15:47:53.662" endtime="20210413 15:47:53.994"></status>
</kw>
<status status="PASS" starttime="20210413 15:47:53.378" endtime="20210413 15:47:53.994"></status>
</kw>
<status status="PASS" starttime="20210413 15:47:53.378" endtime="20210413 15:47:53.994"></status>
</kw>
<kw name="${sales_rep} = {'First Name': 'Antoni', 'Last Name': 'Degoe', 'Sales': 106991, 'Sales Target': 75000}" type="foritem">
<kw name="Fill And Submit The Form For One Person">
<arguments>
<arg>${sales_rep}</arg>
</arguments>
<kw name="Input Text" library="RPA.Browser.Selenium">
<doc>Types the given ``text`` into the text field identified by ``locator``.</doc>
<arguments>
<arg>firstname</arg>
<arg>${sales_rep}[First Name]</arg>
</arguments>
<msg timestamp="20210413 15:47:53.995" level="INFO">Typing text 'Antoni' into text field 'firstname'.</msg>
<status status="PASS" starttime="20210413 15:47:53.995" endtime="20210413 15:47:54.078"></status>
</kw>
<kw name="Input Text" library="RPA.Browser.Selenium">
<doc>Types the given ``text`` into the text field identified by ``locator``.</doc>
<arguments>
<arg>lastname</arg>
<arg>${sales_rep}[Last Name]</arg>
</arguments>
<msg timestamp="20210413 15:47:54.078" level="INFO">Typing text 'Degoe' into text field 'lastname'.</msg>
<status status="PASS" starttime="20210413 15:47:54.078" endtime="20210413 15:47:54.148"></status>
</kw>
<kw name="Input Text" library="RPA.Browser.Selenium">
<doc>Types the given ``text`` into the text field identified by ``locator``.</doc>
<arguments>
<arg>salesresult</arg>
<arg>${sales_rep}[Sales]</arg>
</arguments>
<msg timestamp="20210413 15:47:54.149" level="INFO">Typing text '106991' into text field 'salesresult'.</msg>
<status status="PASS" starttime="20210413 15:47:54.148" endtime="20210413 15:47:54.214"></status>
</kw>
<kw name="Convert To String" library="BuiltIn">
<doc>Converts the given item to a Unicode string.</doc>
<arguments>
<arg>${sales_rep}[Sales Target]</arg>
</arguments>
<assign>
<var>${target_as_string}</var>
</assign>
<msg timestamp="20210413 15:47:54.215" level="INFO">${target_as_string} = 75000</msg>
<status status="PASS" starttime="20210413 15:47:54.215" endtime="20210413 15:47:54.215"></status>
</kw>
<kw name="Select From List By Value" library="RPA.Browser.Selenium">
<doc>Selects options from selection list ``locator`` by ``values``.</doc>
<arguments>
<arg>salestarget</arg>
<arg>${target_as_string}</arg>
</arguments>
<msg timestamp="20210413 15:47:54.215" level="INFO">Selecting options from selection list 'salestarget' by value 75000.</msg>
<status status="PASS" starttime="20210413 15:47:54.215" endtime="20210413 15:47:54.265"></status>
</kw>
<kw name="Click Button" library="RPA.Browser.Selenium">
<doc>Clicks the button identified by ``locator``.</doc>
<arguments>
<arg>Submit</arg>
</arguments>
<msg timestamp="20210413 15:47:54.266" level="INFO">Clicking button 'Submit'.</msg>
<status status="PASS" starttime="20210413 15:47:54.265" endtime="20210413 15:47:54.565"></status>
</kw>
<status status="PASS" starttime="20210413 15:47:53.994" endtime="20210413 15:47:54.566"></status>
</kw>
<status status="PASS" starttime="20210413 15:47:53.994" endtime="20210413 15:47:54.566"></status>
</kw>
<kw name="${sales_rep} = {'First Name': 'Donnamarie', 'Last Name': 'Watts', 'Sales': 25924, 'Sales Target': 85000}" type="foritem">
<kw name="Fill And Submit The Form For One Person">
<arguments>
<arg>${sales_rep}</arg>
</arguments>
<kw name="Input Text" library="RPA.Browser.Selenium">
<doc>Types the given ``text`` into the text field identified by ``locator``.</doc>
<arguments>
<arg>firstname</arg>
<arg>${sales_rep}[First Name]</arg>
</arguments>
<msg timestamp="20210413 15:47:54.567" level="INFO">Typing text 'Donnamarie' into text field 'firstname'.</msg>
<status status="PASS" starttime="20210413 15:47:54.567" endtime="20210413 15:47:54.656"></status>
</kw>
<kw name="Input Text" library="RPA.Browser.Selenium">
<doc>Types the given ``text`` into the text field identified by ``locator``.</doc>
<arguments>
<arg>lastname</arg>
<arg>${sales_rep}[Last Name]</arg>
</arguments>
<msg timestamp="20210413 15:47:54.656" level="INFO">Typing text 'Watts' into text field 'lastname'.</msg>
<status status="PASS" starttime="20210413 15:47:54.656" endtime="20210413 15:47:54.730"></status>
</kw>
<kw name="Input Text" library="RPA.Browser.Selenium">
<doc>Types the given ``text`` into the text field identified by ``locator``.</doc>
<arguments>
<arg>salesresult</arg>
<arg>${sales_rep}[Sales]</arg>
</arguments>
<msg timestamp="20210413 15:47:54.731" level="INFO">Typing text '25924' into text field 'salesresult'.</msg>
<status status="PASS" starttime="20210413 15:47:54.730" endtime="20210413 15:47:54.800"></status>
</kw>
<kw name="Convert To String" library="BuiltIn">
<doc>Converts the given item to a Unicode string.</doc>
<arguments>
<arg>${sales_rep}[Sales Target]</arg>
</arguments>
<assign>
<var>${target_as_string}</var>
</assign>
<msg timestamp="20210413 15:47:54.802" level="INFO">${target_as_string} = 85000</msg>
<status status="PASS" starttime="20210413 15:47:54.800" endtime="20210413 15:47:54.802"></status>
</kw>
<kw name="Select From List By Value" library="RPA.Browser.Selenium">
<doc>Selects options from selection list ``locator`` by ``values``.</doc>
<arguments>
<arg>salestarget</arg>
<arg>${target_as_string}</arg>
</arguments>
<msg timestamp="20210413 15:47:54.802" level="INFO">Selecting options from selection list 'salestarget' by value 85000.</msg>
<status status="PASS" starttime="20210413 15:47:54.802" endtime="20210413 15:47:54.854"></status>
</kw>
<kw name="Click Button" library="RPA.Browser.Selenium">
<doc>Clicks the button identified by ``locator``.</doc>
<arguments>
<arg>Submit</arg>
</arguments>
<msg timestamp="20210413 15:47:54.855" level="INFO">Clicking button 'Submit'.</msg>
<status status="PASS" starttime="20210413 15:47:54.855" endtime="20210413 15:47:55.166"></status>
</kw>
<status status="PASS" starttime="20210413 15:47:54.566" endtime="20210413 15:47:55.166"></status>
</kw>
<status status="PASS" starttime="20210413 15:47:54.566" endtime="20210413 15:47:55.166"></status>
</kw>
<kw name="${sales_rep} = {'First Name': 'Anabella', 'Last Name': 'Blindermann', 'Sales': 43564, 'Sales Target': 85000}" type="foritem">
<kw name="Fill And Submit The Form For One Person">
<arguments>
<arg>${sales_rep}</arg>
</arguments>
<kw name="Input Text" library="RPA.Browser.Selenium">
<doc>Types the given ``text`` into the text field identified by ``locator``.</doc>
<arguments>
<arg>firstname</arg>
<arg>${sales_rep}[First Name]</arg>
</arguments>
<msg timestamp="20210413 15:47:55.167" level="INFO">Typing text 'Anabella' into text field 'firstname'.</msg>
<status status="PASS" starttime="20210413 15:47:55.167" endtime="20210413 15:47:55.250"></status>
</kw>
<kw name="Input Text" library="RPA.Browser.Selenium">
<doc>Types the given ``text`` into the text field identified by ``locator``.</doc>
<arguments>
<arg>lastname</arg>
<arg>${sales_rep}[Last Name]</arg>
</arguments>
<msg timestamp="20210413 15:47:55.251" level="INFO">Typing text 'Blindermann' into text field 'lastname'.</msg>
<status status="PASS" starttime="20210413 15:47:55.250" endtime="20210413 15:47:55.325"></status>
</kw>
<kw name="Input Text" library="RPA.Browser.Selenium">
<doc>Types the given ``text`` into the text field identified by ``locator``.</doc>
<arguments>
<arg>salesresult</arg>
<arg>${sales_rep}[Sales]</arg>
</arguments>
<msg timestamp="20210413 15:47:55.325" level="INFO">Typing text '43564' into text field 'salesresult'.</msg>
<status status="PASS" starttime="20210413 15:47:55.325" endtime="20210413 15:47:55.398"></status>
</kw>
<kw name="Convert To String" library="BuiltIn">
<doc>Converts the given item to a Unicode string.</doc>
<arguments>
<arg>${sales_rep}[Sales Target]</arg>
</arguments>
<assign>
<var>${target_as_string}</var>
</assign>
<msg timestamp="20210413 15:47:55.398" level="INFO">${target_as_string} = 85000</msg>
<status status="PASS" starttime="20210413 15:47:55.398" endtime="20210413 15:47:55.399"></status>
</kw>
<kw name="Select From List By Value" library="RPA.Browser.Selenium">
<doc>Selects options from selection list ``locator`` by ``values``.</doc>
<arguments>
<arg>salestarget</arg>
<arg>${target_as_string}</arg>
</arguments>
<msg timestamp="20210413 15:47:55.399" level="INFO">Selecting options from selection list 'salestarget' by value 85000.</msg>
<status status="PASS" starttime="20210413 15:47:55.399" endtime="20210413 15:47:55.452"></status>
</kw>
<kw name="Click Button" library="RPA.Browser.Selenium">
<doc>Clicks the button identified by ``locator``.</doc>
<arguments>
<arg>Submit</arg>
</arguments>
<msg timestamp="20210413 15:47:55.453" level="INFO">Clicking button 'Submit'.</msg>
<status status="PASS" starttime="20210413 15:47:55.452" endtime="20210413 15:47:55.774"></status>
</kw>
<status status="PASS" starttime="20210413 15:47:55.166" endtime="20210413 15:47:55.774"></status>
</kw>
<status status="PASS" starttime="20210413 15:47:55.166" endtime="20210413 15:47:55.774"></status>
</kw>
<kw name="${sales_rep} = {'First Name': 'Fred', 'Last Name': 'Mengoni', 'Sales': 131725, 'Sales Target': 5000}" type="foritem">
<kw name="Fill And Submit The Form For One Person">
<arguments>
<arg>${sales_rep}</arg>
</arguments>
<kw name="Input Text" library="RPA.Browser.Selenium">
<doc>Types the given ``text`` into the text field identified by ``locator``.</doc>
<arguments>
<arg>firstname</arg>
<arg>${sales_rep}[First Name]</arg>
</arguments>
<msg timestamp="20210413 15:47:55.776" level="INFO">Typing text 'Fred' into text field 'firstname'.</msg>
<status status="PASS" starttime="20210413 15:47:55.775" endtime="20210413 15:47:55.860"></status>
</kw>
<kw name="Input Text" library="RPA.Browser.Selenium">
<doc>Types the given ``text`` into the text field identified by ``locator``.</doc>
<arguments>
<arg>lastname</arg>
<arg>${sales_rep}[Last Name]</arg>
</arguments>
<msg timestamp="20210413 15:47:55.860" level="INFO">Typing text 'Mengoni' into text field 'lastname'.</msg>
<status status="PASS" starttime="20210413 15:47:55.860" endtime="20210413 15:47:55.939"></status>
</kw>
<kw name="Input Text" library="RPA.Browser.Selenium">
<doc>Types the given ``text`` into the text field identified by ``locator``.</doc>
<arguments>
<arg>salesresult</arg>
<arg>${sales_rep}[Sales]</arg>
</arguments>
<msg timestamp="20210413 15:47:55.939" level="INFO">Typing text '131725' into text field 'salesresult'.</msg>
<status status="PASS" starttime="20210413 15:47:55.939" endtime="20210413 15:47:56.010"></status>
</kw>
<kw name="Convert To String" library="BuiltIn">
<doc>Converts the given item to a Unicode string.</doc>
<arguments>
<arg>${sales_rep}[Sales Target]</arg>
</arguments>
<assign>
<var>${target_as_string}</var>
</assign>
<msg timestamp="20210413 15:47:56.011" level="INFO">${target_as_string} = 5000</msg>
<status status="PASS" starttime="20210413 15:47:56.010" endtime="20210413 15:47:56.011"></status>
</kw>
<kw name="Select From List By Value" library="RPA.Browser.Selenium">
<doc>Selects options from selection list ``locator`` by ``values``.</doc>
<arguments>
<arg>salestarget</arg>
<arg>${target_as_string}</arg>
</arguments>
<msg timestamp="20210413 15:47:56.011" level="INFO">Selecting options from selection list 'salestarget' by value 5000.</msg>
<status status="PASS" starttime="20210413 15:47:56.011" endtime="20210413 15:47:56.043"></status>
</kw>
<kw name="Click Button" library="RPA.Browser.Selenium">
<doc>Clicks the button identified by ``locator``.</doc>
<arguments>
<arg>Submit</arg>
</arguments>
<msg timestamp="20210413 15:47:56.044" level="INFO">Clicking button 'Submit'.</msg>
<status status="PASS" starttime="20210413 15:47:56.044" endtime="20210413 15:47:56.375"></status>
</kw>
<status status="PASS" starttime="20210413 15:47:55.774" endtime="20210413 15:47:56.375"></status>
</kw>
<status status="PASS" starttime="20210413 15:47:55.774" endtime="20210413 15:47:56.375"></status>
</kw>
<kw name="${sales_rep} = {'First Name': 'Nathanil', 'Last Name': 'Bragg', 'Sales': 100336, 'Sales Target': 35000}" type="foritem">
<kw name="Fill And Submit The Form For One Person">
<arguments>
<arg>${sales_rep}</arg>
</arguments>
<kw name="Input Text" library="RPA.Browser.Selenium">
<doc>Types the given ``text`` into the text field identified by ``locator``.</doc>
<arguments>
<arg>firstname</arg>
<arg>${sales_rep}[First Name]</arg>
</arguments>
<msg timestamp="20210413 15:47:56.376" level="INFO">Typing text 'Nathanil' into text field 'firstname'.</msg>
<status status="PASS" starttime="20210413 15:47:56.376" endtime="20210413 15:47:56.467"></status>
</kw>
<kw name="Input Text" library="RPA.Browser.Selenium">
<doc>Types the given ``text`` into the text field identified by ``locator``.</doc>
<arguments>
<arg>lastname</arg>
<arg>${sales_rep}[Last Name]</arg>
</arguments>
<msg timestamp="20210413 15:47:56.468" level="INFO">Typing text 'Bragg' into text field 'lastname'.</msg>
<status status="PASS" starttime="20210413 15:47:56.467" endtime="20210413 15:47:56.537"></status>
</kw>
<kw name="Input Text" library="RPA.Browser.Selenium">
<doc>Types the given ``text`` into the text field identified by ``locator``.</doc>
<arguments>
<arg>salesresult</arg>
<arg>${sales_rep}[Sales]</arg>
</arguments>
<msg timestamp="20210413 15:47:56.538" level="INFO">Typing text '100336' into text field 'salesresult'.</msg>
<status status="PASS" starttime="20210413 15:47:56.538" endtime="20210413 15:47:56.605"></status>
</kw>
<kw name="Convert To String" library="BuiltIn">
<doc>Converts the given item to a Unicode string.</doc>
<arguments>
<arg>${sales_rep}[Sales Target]</arg>
</arguments>
<assign>
<var>${target_as_string}</var>
</assign>
<msg timestamp="20210413 15:47:56.606" level="INFO">${target_as_string} = 35000</msg>
<status status="PASS" starttime="20210413 15:47:56.605" endtime="20210413 15:47:56.606"></status>
</kw>
<kw name="Select From List By Value" library="RPA.Browser.Selenium">
<doc>Selects options from selection list ``locator`` by ``values``.</doc>
<arguments>
<arg>salestarget</arg>
<arg>${target_as_string}</arg>
</arguments>
<msg timestamp="20210413 15:47:56.606" level="INFO">Selecting options from selection list 'salestarget' by value 35000.</msg>
<status status="PASS" starttime="20210413 15:47:56.606" endtime="20210413 15:47:56.655"></status>
</kw>
<kw name="Click Button" library="RPA.Browser.Selenium">
<doc>Clicks the button identified by ``locator``.</doc>
<arguments>
<arg>Submit</arg>
</arguments>
<msg timestamp="20210413 15:47:56.656" level="INFO">Clicking button 'Submit'.</msg>
<status status="PASS" starttime="20210413 15:47:56.655" endtime="20210413 15:47:56.968"></status>
</kw>
<status status="PASS" starttime="20210413 15:47:56.375" endtime="20210413 15:47:56.969"></status>
</kw>
<status status="PASS" starttime="20210413 15:47:56.375" endtime="20210413 15:47:56.969"></status>
</kw>
<kw name="${sales_rep} = {'First Name': 'Casar', 'Last Name': 'Kubek', 'Sales': 143750, 'Sales Target': 100000}" type="foritem">
<kw name="Fill And Submit The Form For One Person">
<arguments>
<arg>${sales_rep}</arg>
</arguments>
<kw name="Input Text" library="RPA.Browser.Selenium">
<doc>Types the given ``text`` into the text field identified by ``locator``.</doc>
<arguments>
<arg>firstname</arg>
<arg>${sales_rep}[First Name]</arg>
</arguments>
<msg timestamp="20210413 15:47:56.969" level="INFO">Typing text 'Casar' into text field 'firstname'.</msg>
<status status="PASS" starttime="20210413 15:47:56.969" endtime="20210413 15:47:57.051"></status>
</kw>
<kw name="Input Text" library="RPA.Browser.Selenium">
<doc>Types the given ``text`` into the text field identified by ``locator``.</doc>
<arguments>
<arg>lastname</arg>
<arg>${sales_rep}[Last Name]</arg>
</arguments>
<msg timestamp="20210413 15:47:57.051" level="INFO">Typing text 'Kubek' into text field 'lastname'.</msg>
<status status="PASS" starttime="20210413 15:47:57.051" endtime="20210413 15:47:57.128"></status>
</kw>
<kw name="Input Text" library="RPA.Browser.Selenium">
<doc>Types the given ``text`` into the text field identified by ``locator``.</doc>
<arguments>
<arg>salesresult</arg>
<arg>${sales_rep}[Sales]</arg>
</arguments>
<msg timestamp="20210413 15:47:57.129" level="INFO">Typing text '143750' into text field 'salesresult'.</msg>
<status status="PASS" starttime="20210413 15:47:57.129" endtime="20210413 15:47:57.200"></status>
</kw>
<kw name="Convert To String" library="BuiltIn">
<doc>Converts the given item to a Unicode string.</doc>
<arguments>
<arg>${sales_rep}[Sales Target]</arg>
</arguments>
<assign>
<var>${target_as_string}</var>
</assign>
<msg timestamp="20210413 15:47:57.200" level="INFO">${target_as_string} = 100000</msg>
<status status="PASS" starttime="20210413 15:47:57.200" endtime="20210413 15:47:57.200"></status>
</kw>
<kw name="Select From List By Value" library="RPA.Browser.Selenium">
<doc>Selects options from selection list ``locator`` by ``values``.</doc>
<arguments>
<arg>salestarget</arg>
<arg>${target_as_string}</arg>
</arguments>
<msg timestamp="20210413 15:47:57.201" level="INFO">Selecting options from selection list 'salestarget' by value 100000.</msg>
<status status="PASS" starttime="20210413 15:47:57.200" endtime="20210413 15:47:57.250"></status>
</kw>
<kw name="Click Button" library="RPA.Browser.Selenium">
<doc>Clicks the button identified by ``locator``.</doc>
<arguments>
<arg>Submit</arg>
</arguments>
<msg timestamp="20210413 15:47:57.251" level="INFO">Clicking button 'Submit'.</msg>
<status status="PASS" starttime="20210413 15:47:57.251" endtime="20210413 15:47:57.562"></status>
</kw>
<status status="PASS" starttime="20210413 15:47:56.969" endtime="20210413 15:47:57.563"></status>
</kw>
<status status="PASS" starttime="20210413 15:47:56.969" endtime="20210413 15:47:57.563"></status>
</kw>
<kw name="${sales_rep} = {'First Name': 'Myrtle', 'Last Name': 'Puddle', 'Sales': 22729, 'Sales Target': 10000}" type="foritem">
<kw name="Fill And Submit The Form For One Person">
<arguments>
<arg>${sales_rep}</arg>
</arguments>
<kw name="Input Text" library="RPA.Browser.Selenium">
<doc>Types the given ``text`` into the text field identified by ``locator``.</doc>
<arguments>
<arg>firstname</arg>
<arg>${sales_rep}[First Name]</arg>
</arguments>
<msg timestamp="20210413 15:47:57.564" level="INFO">Typing text 'Myrtle' into text field 'firstname'.</msg>
<status status="PASS" starttime="20210413 15:47:57.564" endtime="20210413 15:47:57.681"></status>
</kw>
<kw name="Input Text" library="RPA.Browser.Selenium">
<doc>Types the given ``text`` into the text field identified by ``locator``.</doc>
<arguments>
<arg>lastname</arg>
<arg>${sales_rep}[Last Name]</arg>
</arguments>
<msg timestamp="20210413 15:47:57.681" level="INFO">Typing text 'Puddle' into text field 'lastname'.</msg>
<status status="PASS" starttime="20210413 15:47:57.681" endtime="20210413 15:47:57.747"></status>
</kw>
<kw name="Input Text" library="RPA.Browser.Selenium">
<doc>Types the given ``text`` into the text field identified by ``locator``.</doc>
<arguments>
<arg>salesresult</arg>
<arg>${sales_rep}[Sales]</arg>
</arguments>
<msg timestamp="20210413 15:47:57.748" level="INFO">Typing text '22729' into text field 'salesresult'.</msg>
<status status="PASS" starttime="20210413 15:47:57.747" endtime="20210413 15:47:57.822"></status>
</kw>
<kw name="Convert To String" library="BuiltIn">
<doc>Converts the given item to a Unicode string.</doc>
<arguments>
<arg>${sales_rep}[Sales Target]</arg>
</arguments>
<assign>
<var>${target_as_string}</var>
</assign>
<msg timestamp="20210413 15:47:57.822" level="INFO">${target_as_string} = 10000</msg>
<status status="PASS" starttime="20210413 15:47:57.822" endtime="20210413 15:47:57.822"></status>
</kw>
<kw name="Select From List By Value" library="RPA.Browser.Selenium">
<doc>Selects options from selection list ``locator`` by ``values``.</doc>
<arguments>
<arg>salestarget</arg>
<arg>${target_as_string}</arg>
</arguments>
<msg timestamp="20210413 15:47:57.823" level="INFO">Selecting options from selection list 'salestarget' by value 10000.</msg>
<status status="PASS" starttime="20210413 15:47:57.823" endtime="20210413 15:47:57.877"></status>
</kw>
<kw name="Click Button" library="RPA.Browser.Selenium">
<doc>Clicks the button identified by ``locator``.</doc>
<arguments>
<arg>Submit</arg>
</arguments>
<msg timestamp="20210413 15:47:57.877" level="INFO">Clicking button 'Submit'.</msg>
<status status="PASS" starttime="20210413 15:47:57.877" endtime="20210413 15:47:58.185"></status>
</kw>
<status status="PASS" starttime="20210413 15:47:57.563" endtime="20210413 15:47:58.185"></status>
</kw>
<status status="PASS" starttime="20210413 15:47:57.563" endtime="20210413 15:47:58.185"></status>
</kw>
<kw name="${sales_rep} = {'First Name': 'Devi', 'Last Name': 'Oag', 'Sales': 140919, 'Sales Target': 10000}" type="foritem">
<kw name="Fill And Submit The Form For One Person">
<arguments>
<arg>${sales_rep}</arg>
</arguments>
<kw name="Input Text" library="RPA.Browser.Selenium">
<doc>Types the given ``text`` into the text field identified by ``locator``.</doc>
<arguments>
<arg>firstname</arg>
<arg>${sales_rep}[First Name]</arg>
</arguments>
<msg timestamp="20210413 15:47:58.187" level="INFO">Typing text 'Devi' into text field 'firstname'.</msg>
<status status="PASS" starttime="20210413 15:47:58.186" endtime="20210413 15:47:58.257"></status>
</kw>
<kw name="Input Text" library="RPA.Browser.Selenium">
<doc>Types the given ``text`` into the text field identified by ``locator``.</doc>
<arguments>
<arg>lastname</arg>
<arg>${sales_rep}[Last Name]</arg>
</arguments>
<msg timestamp="20210413 15:47:58.257" level="INFO">Typing text 'Oag' into text field 'lastname'.</msg>
<status status="PASS" starttime="20210413 15:47:58.257" endtime="20210413 15:47:58.327"></status>
</kw>
<kw name="Input Text" library="RPA.Browser.Selenium">
<doc>Types the given ``text`` into the text field identified by ``locator``.</doc>
<arguments>
<arg>salesresult</arg>
<arg>${sales_rep}[Sales]</arg>
</arguments>
<msg timestamp="20210413 15:47:58.328" level="INFO">Typing text '140919' into text field 'salesresult'.</msg>
<status status="PASS" starttime="20210413 15:47:58.327" endtime="20210413 15:47:58.400"></status>
</kw>
<kw name="Convert To String" library="BuiltIn">
<doc>Converts the given item to a Unicode string.</doc>
<arguments>
<arg>${sales_rep}[Sales Target]</arg>
</arguments>
<assign>
<var>${target_as_string}</var>
</assign>
<msg timestamp="20210413 15:47:58.400" level="INFO">${target_as_string} = 10000</msg>
<status status="PASS" starttime="20210413 15:47:58.400" endtime="20210413 15:47:58.400"></status>
</kw>
<kw name="Select From List By Value" library="RPA.Browser.Selenium">
<doc>Selects options from selection list ``locator`` by ``values``.</doc>
<arguments>
<arg>salestarget</arg>
<arg>${target_as_string}</arg>
</arguments>
<msg timestamp="20210413 15:47:58.401" level="INFO">Selecting options from selection list 'salestarget' by value 10000.</msg>
<status status="PASS" starttime="20210413 15:47:58.400" endtime="20210413 15:47:58.456"></status>
</kw>
<kw name="Click Button" library="RPA.Browser.Selenium">
<doc>Clicks the button identified by ``locator``.</doc>
<arguments>
<arg>Submit</arg>
</arguments>
<msg timestamp="20210413 15:47:58.456" level="INFO">Clicking button 'Submit'.</msg>
<status status="PASS" starttime="20210413 15:47:58.456" endtime="20210413 15:47:58.792"></status>
</kw>
<status status="PASS" starttime="20210413 15:47:58.186" endtime="20210413 15:47:58.792"></status>
</kw>
<status status="PASS" starttime="20210413 15:47:58.186" endtime="20210413 15:47:58.792"></status>
</kw>
<kw name="${sales_rep} = {'First Name': 'Emyle', 'Last Name': &quot;O'Driscole&quot;, 'Sales': 70981, 'Sales Target': 10000}" type="foritem">
<kw name="Fill And Submit The Form For One Person">
<arguments>
<arg>${sales_rep}</arg>
</arguments>
<kw name="Input Text" library="RPA.Browser.Selenium">
<doc>Types the given ``text`` into the text field identified by ``locator``.</doc>
<arguments>
<arg>firstname</arg>
<arg>${sales_rep}[First Name]</arg>
</arguments>
<msg timestamp="20210413 15:47:58.794" level="INFO">Typing text 'Emyle' into text field 'firstname'.</msg>
<status status="PASS" starttime="20210413 15:47:58.793" endtime="20210413 15:47:58.883"></status>
</kw>
<kw name="Input Text" library="RPA.Browser.Selenium">
<doc>Types the given ``text`` into the text field identified by ``locator``.</doc>
<arguments>
<arg>lastname</arg>
<arg>${sales_rep}[Last Name]</arg>
</arguments>
<msg timestamp="20210413 15:47:58.883" level="INFO">Typing text 'O'Driscole' into text field 'lastname'.</msg>
<status status="PASS" starttime="20210413 15:47:58.883" endtime="20210413 15:47:58.958"></status>
</kw>
<kw name="Input Text" library="RPA.Browser.Selenium">
<doc>Types the given ``text`` into the text field identified by ``locator``.</doc>
<arguments>
<arg>salesresult</arg>
<arg>${sales_rep}[Sales]</arg>
</arguments>
<msg timestamp="20210413 15:47:58.959" level="INFO">Typing text '70981' into text field 'salesresult'.</msg>
<status status="PASS" starttime="20210413 15:47:58.958" endtime="20210413 15:47:59.030"></status>
</kw>
<kw name="Convert To String" library="BuiltIn">
<doc>Converts the given item to a Unicode string.</doc>
<arguments>
<arg>${sales_rep}[Sales Target]</arg>
</arguments>
<assign>
<var>${target_as_string}</var>
</assign>
<msg timestamp="20210413 15:47:59.031" level="INFO">${target_as_string} = 10000</msg>
<status status="PASS" starttime="20210413 15:47:59.030" endtime="20210413 15:47:59.031"></status>
</kw>
<kw name="Select From List By Value" library="RPA.Browser.Selenium">
<doc>Selects options from selection list ``locator`` by ``values``.</doc>
<arguments>
<arg>salestarget</arg>
<arg>${target_as_string}</arg>
</arguments>
<msg timestamp="20210413 15:47:59.031" level="INFO">Selecting options from selection list 'salestarget' by value 10000.</msg>
<status status="PASS" starttime="20210413 15:47:59.031" endtime="20210413 15:47:59.082"></status>
</kw>
<kw name="Click Button" library="RPA.Browser.Selenium">
<doc>Clicks the button identified by ``locator``.</doc>
<arguments>
<arg>Submit</arg>
</arguments>
<msg timestamp="20210413 15:47:59.082" level="INFO">Clicking button 'Submit'.</msg>
<status status="PASS" starttime="20210413 15:47:59.082" endtime="20210413 15:47:59.395"></status>
</kw>
<status status="PASS" starttime="20210413 15:47:58.792" endtime="20210413 15:47:59.395"></status>
</kw>
<status status="PASS" starttime="20210413 15:47:58.792" endtime="20210413 15:47:59.396"></status>
</kw>
<kw name="${sales_rep} = {'First Name': 'Mickie', 'Last Name': 'Linbohm', 'Sales': 80516, 'Sales Target': 10000}" type="foritem">
<kw name="Fill And Submit The Form For One Person">
<arguments>
<arg>${sales_rep}</arg>
</arguments>
<kw name="Input Text" library="RPA.Browser.Selenium">
<doc>Types the given ``text`` into the text field identified by ``locator``.</doc>
<arguments>
<arg>firstname</arg>
<arg>${sales_rep}[First Name]</arg>
</arguments>
<msg timestamp="20210413 15:47:59.396" level="INFO">Typing text 'Mickie' into text field 'firstname'.</msg>
<status status="PASS" starttime="20210413 15:47:59.396" endtime="20210413 15:47:59.486"></status>
</kw>
<kw name="Input Text" library="RPA.Browser.Selenium">
<doc>Types the given ``text`` into the text field identified by ``locator``.</doc>
<arguments>
<arg>lastname</arg>
<arg>${sales_rep}[Last Name]</arg>
</arguments>
<msg timestamp="20210413 15:47:59.487" level="INFO">Typing text 'Linbohm' into text field 'lastname'.</msg>
<status status="PASS" starttime="20210413 15:47:59.487" endtime="20210413 15:47:59.570"></status>
</kw>
<kw name="Input Text" library="RPA.Browser.Selenium">
<doc>Types the given ``text`` into the text field identified by ``locator``.</doc>
<arguments>
<arg>salesresult</arg>
<arg>${sales_rep}[Sales]</arg>
</arguments>
<msg timestamp="20210413 15:47:59.571" level="INFO">Typing text '80516' into text field 'salesresult'.</msg>
<status status="PASS" starttime="20210413 15:47:59.570" endtime="20210413 15:47:59.638"></status>
</kw>
<kw name="Convert To String" library="BuiltIn">
<doc>Converts the given item to a Unicode string.</doc>
<arguments>
<arg>${sales_rep}[Sales Target]</arg>
</arguments>
<assign>
<var>${target_as_string}</var>
</assign>
<msg timestamp="20210413 15:47:59.638" level="INFO">${target_as_string} = 10000</msg>
<status status="PASS" starttime="20210413 15:47:59.638" endtime="20210413 15:47:59.638"></status>
</kw>
<kw name="Select From List By Value" library="RPA.Browser.Selenium">
<doc>Selects options from selection list ``locator`` by ``values``.</doc>
<arguments>
<arg>salestarget</arg>
<arg>${target_as_string}</arg>
</arguments>
<msg timestamp="20210413 15:47:59.639" level="INFO">Selecting options from selection list 'salestarget' by value 10000.</msg>
<status status="PASS" starttime="20210413 15:47:59.639" endtime="20210413 15:47:59.686"></status>
</kw>
<kw name="Click Button" library="RPA.Browser.Selenium">
<doc>Clicks the button identified by ``locator``.</doc>
<arguments>
<arg>Submit</arg>
</arguments>
<msg timestamp="20210413 15:47:59.686" level="INFO">Clicking button 'Submit'.</msg>
<status status="PASS" starttime="20210413 15:47:59.686" endtime="20210413 15:48:00.001"></status>
</kw>
<status status="PASS" starttime="20210413 15:47:59.396" endtime="20210413 15:48:00.001"></status>
</kw>
<status status="PASS" starttime="20210413 15:47:59.396" endtime="20210413 15:48:00.001"></status>
</kw>
<kw name="${sales_rep} = {'First Name': 'Isaac', 'Last Name': 'Asimov', 'Sales': 118852, 'Sales Target': 65000}" type="foritem">
<kw name="Fill And Submit The Form For One Person">
<arguments>
<arg>${sales_rep}</arg>
</arguments>
<kw name="Input Text" library="RPA.Browser.Selenium">
<doc>Types the given ``text`` into the text field identified by ``locator``.</doc>
<arguments>
<arg>firstname</arg>
<arg>${sales_rep}[First Name]</arg>
</arguments>
<msg timestamp="20210413 15:48:00.003" level="INFO">Typing text 'Isaac' into text field 'firstname'.</msg>
<status status="PASS" starttime="20210413 15:48:00.002" endtime="20210413 15:48:00.087"></status>
</kw>
<kw name="Input Text" library="RPA.Browser.Selenium">
<doc>Types the given ``text`` into the text field identified by ``locator``.</doc>
<arguments>
<arg>lastname</arg>
<arg>${sales_rep}[Last Name]</arg>
</arguments>
<msg timestamp="20210413 15:48:00.088" level="INFO">Typing text 'Asimov' into text field 'lastname'.</msg>
<status status="PASS" starttime="20210413 15:48:00.088" endtime="20210413 15:48:00.166"></status>
</kw>
<kw name="Input Text" library="RPA.Browser.Selenium">
<doc>Types the given ``text`` into the text field identified by ``locator``.</doc>
<arguments>
<arg>salesresult</arg>
<arg>${sales_rep}[Sales]</arg>
</arguments>
<msg timestamp="20210413 15:48:00.166" level="INFO">Typing text '118852' into text field 'salesresult'.</msg>
<status status="PASS" starttime="20210413 15:48:00.166" endtime="20210413 15:48:00.232"></status>
</kw>
<kw name="Convert To String" library="BuiltIn">
<doc>Converts the given item to a Unicode string.</doc>
<arguments>
<arg>${sales_rep}[Sales Target]</arg>
</arguments>
<assign>
<var>${target_as_string}</var>
</assign>
<msg timestamp="20210413 15:48:00.233" level="INFO">${target_as_string} = 65000</msg>
<status status="PASS" starttime="20210413 15:48:00.232" endtime="20210413 15:48:00.233"></status>
</kw>
<kw name="Select From List By Value" library="RPA.Browser.Selenium">
<doc>Selects options from selection list ``locator`` by ``values``.</doc>
<arguments>
<arg>salestarget</arg>
<arg>${target_as_string}</arg>
</arguments>
<msg timestamp="20210413 15:48:00.233" level="INFO">Selecting options from selection list 'salestarget' by value 65000.</msg>
<status status="PASS" starttime="20210413 15:48:00.233" endtime="20210413 15:48:00.285"></status>
</kw>
<kw name="Click Button" library="RPA.Browser.Selenium">
<doc>Clicks the button identified by ``locator``.</doc>
<arguments>
<arg>Submit</arg>
</arguments>
<msg timestamp="20210413 15:48:00.285" level="INFO">Clicking button 'Submit'.</msg>
<status status="PASS" starttime="20210413 15:48:00.285" endtime="20210413 15:48:00.585"></status>
</kw>
<status status="PASS" starttime="20210413 15:48:00.002" endtime="20210413 15:48:00.585"></status>
</kw>
<status status="PASS" starttime="20210413 15:48:00.001" endtime="20210413 15:48:00.585"></status>
</kw>
<kw name="${sales_rep} = {'First Name': 'Florence', 'Last Name': 'Mundow', 'Sales': 122953, 'Sales Target': 10000}" type="foritem">
<kw name="Fill And Submit The Form For One Person">
<arguments>
<arg>${sales_rep}</arg>
</arguments>
<kw name="Input Text" library="RPA.Browser.Selenium">
<doc>Types the given ``text`` into the text field identified by ``locator``.</doc>
<arguments>
<arg>firstname</arg>
<arg>${sales_rep}[First Name]</arg>
</arguments>
<msg timestamp="20210413 15:48:00.586" level="INFO">Typing text 'Florence' into text field 'firstname'.</msg>
<status status="PASS" starttime="20210413 15:48:00.586" endtime="20210413 15:48:00.677"></status>
</kw>
<kw name="Input Text" library="RPA.Browser.Selenium">
<doc>Types the given ``text`` into the text field identified by ``locator``.</doc>
<arguments>
<arg>lastname</arg>
<arg>${sales_rep}[Last Name]</arg>
</arguments>
<msg timestamp="20210413 15:48:00.678" level="INFO">Typing text 'Mundow' into text field 'lastname'.</msg>
<status status="PASS" starttime="20210413 15:48:00.677" endtime="20210413 15:48:00.753"></status>
</kw>
<kw name="Input Text" library="RPA.Browser.Selenium">
<doc>Types the given ``text`` into the text field identified by ``locator``.</doc>
<arguments>
<arg>salesresult</arg>
<arg>${sales_rep}[Sales]</arg>
</arguments>
<msg timestamp="20210413 15:48:00.755" level="INFO">Typing text '122953' into text field 'salesresult'.</msg>
<status status="PASS" starttime="20210413 15:48:00.753" endtime="20210413 15:48:00.829"></status>
</kw>
<kw name="Convert To String" library="BuiltIn">
<doc>Converts the given item to a Unicode string.</doc>
<arguments>
<arg>${sales_rep}[Sales Target]</arg>
</arguments>
<assign>
<var>${target_as_string}</var>
</assign>
<msg timestamp="20210413 15:48:00.830" level="INFO">${target_as_string} = 10000</msg>
<status status="PASS" starttime="20210413 15:48:00.829" endtime="20210413 15:48:00.830"></status>
</kw>
<kw name="Select From List By Value" library="RPA.Browser.Selenium">
<doc>Selects options from selection list ``locator`` by ``values``.</doc>
<arguments>
<arg>salestarget</arg>
<arg>${target_as_string}</arg>
</arguments>
<msg timestamp="20210413 15:48:00.830" level="INFO">Selecting options from selection list 'salestarget' by value 10000.</msg>
<status status="PASS" starttime="20210413 15:48:00.830" endtime="20210413 15:48:00.883"></status>
</kw>
<kw name="Click Button" library="RPA.Browser.Selenium">
<doc>Clicks the button identified by ``locator``.</doc>
<arguments>
<arg>Submit</arg>
</arguments>
<msg timestamp="20210413 15:48:00.883" level="INFO">Clicking button 'Submit'.</msg>
<status status="PASS" starttime="20210413 15:48:00.883" endtime="20210413 15:48:01.199"></status>
</kw>
<status status="PASS" starttime="20210413 15:48:00.585" endtime="20210413 15:48:01.199"></status>
</kw>
<status status="PASS" starttime="20210413 15:48:00.585" endtime="20210413 15:48:01.199"></status>
</kw>
<kw name="${sales_rep} = {'First Name': 'Mahalia', 'Last Name': 'Goodee', 'Sales': 46997, 'Sales Target': 45000}" type="foritem">
<kw name="Fill And Submit The Form For One Person">
<arguments>
<arg>${sales_rep}</arg>
</arguments>
<kw name="Input Text" library="RPA.Browser.Selenium">
<doc>Types the given ``text`` into the text field identified by ``locator``.</doc>
<arguments>
<arg>firstname</arg>
<arg>${sales_rep}[First Name]</arg>
</arguments>
<msg timestamp="20210413 15:48:01.200" level="INFO">Typing text 'Mahalia' into text field 'firstname'.</msg>
<status status="PASS" starttime="20210413 15:48:01.200" endtime="20210413 15:48:01.288"></status>
</kw>
<kw name="Input Text" library="RPA.Browser.Selenium">
[...]
<arguments>
<arg>Submit</arg>
</arguments>
<msg timestamp="20210413 15:48:14.515" level="INFO">Clicking button 'Submit'.</msg>
<status status="PASS" starttime="20210413 15:48:14.515" endtime="20210413 15:48:14.831"></status>
</kw>
<status status="PASS" starttime="20210413 15:48:14.220" endtime="20210413 15:48:14.831"></status>
</kw>
<status status="PASS" starttime="20210413 15:48:14.220" endtime="20210413 15:48:14.831"></status>
</kw>
<kw name="${sales_rep} = {'First Name': 'Regina', 'Last Name': 'Gurling', 'Sales': 86186, 'Sales Target': 15000}" type="foritem">
<kw name="Fill And Submit The Form For One Person">
<arguments>
<arg>${sales_rep}</arg>
</arguments>
<kw name="Input Text" library="RPA.Browser.Selenium">
<doc>Types the given ``text`` into the text field identified by ``locator``.</doc>
<arguments>
<arg>firstname</arg>
<arg>${sales_rep}[First Name]</arg>
</arguments>
<msg timestamp="20210413 15:48:14.832" level="INFO">Typing text 'Regina' into text field 'firstname'.</msg>
<status status="PASS" starttime="20210413 15:48:14.832" endtime="20210413 15:48:14.916"></status>
</kw>
<kw name="Input Text" library="RPA.Browser.Selenium">
<doc>Types the given ``text`` into the text field identified by ``locator``.</doc>
<arguments>
<arg>lastname</arg>
<arg>${sales_rep}[Last Name]</arg>
</arguments>
<msg timestamp="20210413 15:48:14.917" level="INFO">Typing text 'Gurling' into text field 'lastname'.</msg>
<status status="PASS" starttime="20210413 15:48:14.916" endtime="20210413 15:48:15.004"></status>
</kw>
<kw name="Input Text" library="RPA.Browser.Selenium">
<doc>Types the given ``text`` into the text field identified by ``locator``.</doc>
<arguments>
<arg>salesresult</arg>
<arg>${sales_rep}[Sales]</arg>
</arguments>
<msg timestamp="20210413 15:48:15.005" level="INFO">Typing text '86186' into text field 'salesresult'.</msg>
<status status="PASS" starttime="20210413 15:48:15.004" endtime="20210413 15:48:15.071"></status>
</kw>
<kw name="Convert To String" library="BuiltIn">
<doc>Converts the given item to a Unicode string.</doc>
<arguments>
<arg>${sales_rep}[Sales Target]</arg>
</arguments>
<assign>
<var>${target_as_string}</var>
</assign>
<msg timestamp="20210413 15:48:15.072" level="INFO">${target_as_string} = 15000</msg>
<status status="PASS" starttime="20210413 15:48:15.071" endtime="20210413 15:48:15.072"></status>
</kw>
<kw name="Select From List By Value" library="RPA.Browser.Selenium">
<doc>Selects options from selection list ``locator`` by ``values``.</doc>
<arguments>
<arg>salestarget</arg>
<arg>${target_as_string}</arg>
</arguments>
<msg timestamp="20210413 15:48:15.072" level="INFO">Selecting options from selection list 'salestarget' by value 15000.</msg>
<status status="PASS" starttime="20210413 15:48:15.072" endtime="20210413 15:48:15.124"></status>
</kw>
<kw name="Click Button" library="RPA.Browser.Selenium">
<doc>Clicks the button identified by ``locator``.</doc>
<arguments>
<arg>Submit</arg>
</arguments>
<msg timestamp="20210413 15:48:15.124" level="INFO">Clicking button 'Submit'.</msg>
<status status="PASS" starttime="20210413 15:48:15.124" endtime="20210413 15:48:15.438"></status>
</kw>
<status status="PASS" starttime="20210413 15:48:14.831" endtime="20210413 15:48:15.439"></status>
</kw>
<status status="PASS" starttime="20210413 15:48:14.831" endtime="20210413 15:48:15.439"></status>
</kw>
<kw name="${sales_rep} = {'First Name': 'Valenka', 'Last Name': 'Tantrum', 'Sales': 137708, 'Sales Target': 65000}" type="foritem">
<kw name="Fill And Submit The Form For One Person">
<arguments>
<arg>${sales_rep}</arg>
</arguments>
<kw name="Input Text" library="RPA.Browser.Selenium">
<doc>Types the given ``text`` into the text field identified by ``locator``.</doc>
<arguments>
<arg>firstname</arg>
<arg>${sales_rep}[First Name]</arg>
</arguments>
<msg timestamp="20210413 15:48:15.440" level="INFO">Typing text 'Valenka' into text field 'firstname'.</msg>
<status status="PASS" starttime="20210413 15:48:15.440" endtime="20210413 15:48:15.527"></status>
</kw>
<kw name="Input Text" library="RPA.Browser.Selenium">
<doc>Types the given ``text`` into the text field identified by ``locator``.</doc>
<arguments>
<arg>lastname</arg>
<arg>${sales_rep}[Last Name]</arg>
</arguments>
<msg timestamp="20210413 15:48:15.528" level="INFO">Typing text 'Tantrum' into text field 'lastname'.</msg>
<status status="PASS" starttime="20210413 15:48:15.528" endtime="20210413 15:48:15.611"></status>
</kw>
<kw name="Input Text" library="RPA.Browser.Selenium">
<doc>Types the given ``text`` into the text field identified by ``locator``.</doc>
<arguments>
<arg>salesresult</arg>
<arg>${sales_rep}[Sales]</arg>
</arguments>
<msg timestamp="20210413 15:48:15.611" level="INFO">Typing text '137708' into text field 'salesresult'.</msg>
<status status="PASS" starttime="20210413 15:48:15.611" endtime="20210413 15:48:15.674"></status>
</kw>
<kw name="Convert To String" library="BuiltIn">
<doc>Converts the given item to a Unicode string.</doc>
<arguments>
<arg>${sales_rep}[Sales Target]</arg>
</arguments>
<assign>
<var>${target_as_string}</var>
</assign>
<msg timestamp="20210413 15:48:15.675" level="INFO">${target_as_string} = 65000</msg>
<status status="PASS" starttime="20210413 15:48:15.674" endtime="20210413 15:48:15.675"></status>
</kw>
<kw name="Select From List By Value" library="RPA.Browser.Selenium">
<doc>Selects options from selection list ``locator`` by ``values``.</doc>
<arguments>
<arg>salestarget</arg>
<arg>${target_as_string}</arg>
</arguments>
<msg timestamp="20210413 15:48:15.675" level="INFO">Selecting options from selection list 'salestarget' by value 65000.</msg>
<status status="PASS" starttime="20210413 15:48:15.675" endtime="20210413 15:48:15.725"></status>
</kw>
<kw name="Click Button" library="RPA.Browser.Selenium">
<doc>Clicks the button identified by ``locator``.</doc>
<arguments>
<arg>Submit</arg>
</arguments>
<msg timestamp="20210413 15:48:15.726" level="INFO">Clicking button 'Submit'.</msg>
<status status="PASS" starttime="20210413 15:48:15.725" endtime="20210413 15:48:16.120"></status>
</kw>
<status status="PASS" starttime="20210413 15:48:15.439" endtime="20210413 15:48:16.120"></status>
</kw>
<status status="PASS" starttime="20210413 15:48:15.439" endtime="20210413 15:48:16.121"></status>
</kw>
<kw name="${sales_rep} = {'First Name': 'Dorie', 'Last Name': 'Batistelli', 'Sales': 42450, 'Sales Target': 95000}" type="foritem">
<kw name="Fill And Submit The Form For One Person">
<arguments>
<arg>${sales_rep}</arg>
</arguments>
<kw name="Input Text" library="RPA.Browser.Selenium">
<doc>Types the given ``text`` into the text field identified by ``locator``.</doc>
<arguments>
<arg>firstname</arg>
<arg>${sales_rep}[First Name]</arg>
</arguments>
<msg timestamp="20210413 15:48:16.122" level="INFO">Typing text 'Dorie' into text field 'firstname'.</msg>
<status status="PASS" starttime="20210413 15:48:16.122" endtime="20210413 15:48:16.202"></status>
</kw>
<kw name="Input Text" library="RPA.Browser.Selenium">
<doc>Types the given ``text`` into the text field identified by ``locator``.</doc>
<arguments>
<arg>lastname</arg>
<arg>${sales_rep}[Last Name]</arg>
</arguments>
<msg timestamp="20210413 15:48:16.203" level="INFO">Typing text 'Batistelli' into text field 'lastname'.</msg>
<status status="PASS" starttime="20210413 15:48:16.202" endtime="20210413 15:48:16.289"></status>
</kw>
<kw name="Input Text" library="RPA.Browser.Selenium">
<doc>Types the given ``text`` into the text field identified by ``locator``.</doc>
<arguments>
<arg>salesresult</arg>
<arg>${sales_rep}[Sales]</arg>
</arguments>
<msg timestamp="20210413 15:48:16.289" level="INFO">Typing text '42450' into text field 'salesresult'.</msg>
<status status="PASS" starttime="20210413 15:48:16.289" endtime="20210413 15:48:16.375"></status>
</kw>
<kw name="Convert To String" library="BuiltIn">
<doc>Converts the given item to a Unicode string.</doc>
<arguments>
<arg>${sales_rep}[Sales Target]</arg>
</arguments>
<assign>
<var>${target_as_string}</var>
</assign>
<msg timestamp="20210413 15:48:16.375" level="INFO">${target_as_string} = 95000</msg>
<status status="PASS" starttime="20210413 15:48:16.375" endtime="20210413 15:48:16.375"></status>
</kw>
<kw name="Select From List By Value" library="RPA.Browser.Selenium">
<doc>Selects options from selection list ``locator`` by ``values``.</doc>
<arguments>
<arg>salestarget</arg>
<arg>${target_as_string}</arg>
</arguments>
<msg timestamp="20210413 15:48:16.376" level="INFO">Selecting options from selection list 'salestarget' by value 95000.</msg>
<status status="PASS" starttime="20210413 15:48:16.375" endtime="20210413 15:48:16.440"></status>
</kw>
<kw name="Click Button" library="RPA.Browser.Selenium">
<doc>Clicks the button identified by ``locator``.</doc>
<arguments>
<arg>Submit</arg>
</arguments>
<msg timestamp="20210413 15:48:16.440" level="INFO">Clicking button 'Submit'.</msg>
<status status="PASS" starttime="20210413 15:48:16.440" endtime="20210413 15:48:16.771"></status>
</kw>
<status status="PASS" starttime="20210413 15:48:16.121" endtime="20210413 15:48:16.772"></status>
</kw>
<status status="PASS" starttime="20210413 15:48:16.121" endtime="20210413 15:48:16.772"></status>
</kw>
<kw name="${sales_rep} = {'First Name': 'Abra', 'Last Name': 'Heap', 'Sales': 5937, 'Sales Target': 100000}" type="foritem">
<kw name="Fill And Submit The Form For One Person">
<arguments>
<arg>${sales_rep}</arg>
</arguments>
<kw name="Input Text" library="RPA.Browser.Selenium">
<doc>Types the given ``text`` into the text field identified by ``locator``.</doc>
<arguments>
<arg>firstname</arg>
<arg>${sales_rep}[First Name]</arg>
</arguments>
<msg timestamp="20210413 15:48:16.773" level="INFO">Typing text 'Abra' into text field 'firstname'.</msg>
<status status="PASS" starttime="20210413 15:48:16.772" endtime="20210413 15:48:16.856"></status>
</kw>
<kw name="Input Text" library="RPA.Browser.Selenium">
<doc>Types the given ``text`` into the text field identified by ``locator``.</doc>
<arguments>
<arg>lastname</arg>
<arg>${sales_rep}[Last Name]</arg>
</arguments>
<msg timestamp="20210413 15:48:16.856" level="INFO">Typing text 'Heap' into text field 'lastname'.</msg>
<status status="PASS" starttime="20210413 15:48:16.856" endtime="20210413 15:48:16.934"></status>
</kw>
<kw name="Input Text" library="RPA.Browser.Selenium">
<doc>Types the given ``text`` into the text field identified by ``locator``.</doc>
<arguments>
<arg>salesresult</arg>
<arg>${sales_rep}[Sales]</arg>
</arguments>
<msg timestamp="20210413 15:48:16.935" level="INFO">Typing text '5937' into text field 'salesresult'.</msg>
<status status="PASS" starttime="20210413 15:48:16.934" endtime="20210413 15:48:17.001"></status>
</kw>
<kw name="Convert To String" library="BuiltIn">
<doc>Converts the given item to a Unicode string.</doc>
<arguments>
<arg>${sales_rep}[Sales Target]</arg>
</arguments>
<assign>
<var>${target_as_string}</var>
</assign>
<msg timestamp="20210413 15:48:17.001" level="INFO">${target_as_string} = 100000</msg>
<status status="PASS" starttime="20210413 15:48:17.001" endtime="20210413 15:48:17.001"></status>
</kw>
<kw name="Select From List By Value" library="RPA.Browser.Selenium">
<doc>Selects options from selection list ``locator`` by ``values``.</doc>
<arguments>
<arg>salestarget</arg>
<arg>${target_as_string}</arg>
</arguments>
<msg timestamp="20210413 15:48:17.002" level="INFO">Selecting options from selection list 'salestarget' by value 100000.</msg>
<status status="PASS" starttime="20210413 15:48:17.001" endtime="20210413 15:48:17.054"></status>
</kw>
<kw name="Click Button" library="RPA.Browser.Selenium">
<doc>Clicks the button identified by ``locator``.</doc>
<arguments>
<arg>Submit</arg>
</arguments>
<msg timestamp="20210413 15:48:17.054" level="INFO">Clicking button 'Submit'.</msg>
<status status="PASS" starttime="20210413 15:48:17.054" endtime="20210413 15:48:17.432"></status>
</kw>
<status status="PASS" starttime="20210413 15:48:16.772" endtime="20210413 15:48:17.432"></status>
</kw>
<status status="PASS" starttime="20210413 15:48:16.772" endtime="20210413 15:48:17.432"></status>
</kw>
<kw name="${sales_rep} = {'First Name': 'Petronille', 'Last Name': 'Lesor', 'Sales': 54805, 'Sales Target': 85000}" type="foritem">
<kw name="Fill And Submit The Form For One Person">
<arguments>
<arg>${sales_rep}</arg>
</arguments>
<kw name="Input Text" library="RPA.Browser.Selenium">
<doc>Types the given ``text`` into the text field identified by ``locator``.</doc>
<arguments>
<arg>firstname</arg>
<arg>${sales_rep}[First Name]</arg>
</arguments>
<msg timestamp="20210413 15:48:17.433" level="INFO">Typing text 'Petronille' into text field 'firstname'.</msg>
<status status="PASS" starttime="20210413 15:48:17.433" endtime="20210413 15:48:17.524"></status>
</kw>
<kw name="Input Text" library="RPA.Browser.Selenium">
<doc>Types the given ``text`` into the text field identified by ``locator``.</doc>
<arguments>
<arg>lastname</arg>
<arg>${sales_rep}[Last Name]</arg>
</arguments>
<msg timestamp="20210413 15:48:17.525" level="INFO">Typing text 'Lesor' into text field 'lastname'.</msg>
<status status="PASS" starttime="20210413 15:48:17.524" endtime="20210413 15:48:17.604"></status>
</kw>
<kw name="Input Text" library="RPA.Browser.Selenium">
<doc>Types the given ``text`` into the text field identified by ``locator``.</doc>
<arguments>
<arg>salesresult</arg>
<arg>${sales_rep}[Sales]</arg>
</arguments>
<msg timestamp="20210413 15:48:17.604" level="INFO">Typing text '54805' into text field 'salesresult'.</msg>
<status status="PASS" starttime="20210413 15:48:17.604" endtime="20210413 15:48:17.668"></status>
</kw>
<kw name="Convert To String" library="BuiltIn">
<doc>Converts the given item to a Unicode string.</doc>
<arguments>
<arg>${sales_rep}[Sales Target]</arg>
</arguments>
<assign>
<var>${target_as_string}</var>
</assign>
<msg timestamp="20210413 15:48:17.668" level="INFO">${target_as_string} = 85000</msg>
<status status="PASS" starttime="20210413 15:48:17.668" endtime="20210413 15:48:17.668"></status>
</kw>
<kw name="Select From List By Value" library="RPA.Browser.Selenium">
<doc>Selects options from selection list ``locator`` by ``values``.</doc>
<arguments>
<arg>salestarget</arg>
<arg>${target_as_string}</arg>
</arguments>
<msg timestamp="20210413 15:48:17.669" level="INFO">Selecting options from selection list 'salestarget' by value 85000.</msg>
<status status="PASS" starttime="20210413 15:48:17.668" endtime="20210413 15:48:17.718"></status>
</kw>
<kw name="Click Button" library="RPA.Browser.Selenium">
<doc>Clicks the button identified by ``locator``.</doc>
<arguments>
<arg>Submit</arg>
</arguments>
<msg timestamp="20210413 15:48:17.719" level="INFO">Clicking button 'Submit'.</msg>
<status status="PASS" starttime="20210413 15:48:17.719" endtime="20210413 15:48:18.041"></status>
</kw>
<status status="PASS" starttime="20210413 15:48:17.433" endtime="20210413 15:48:18.041"></status>
</kw>
<status status="PASS" starttime="20210413 15:48:17.433" endtime="20210413 15:48:18.042"></status>
</kw>
<kw name="${sales_rep} = {'First Name': 'Vincenty', 'Last Name': 'Stannering', 'Sales': 109884, 'Sales Target': 30000}" type="foritem">
<kw name="Fill And Submit The Form For One Person">
<arguments>
<arg>${sales_rep}</arg>
</arguments>
<kw name="Input Text" library="RPA.Browser.Selenium">
<doc>Types the given ``text`` into the text field identified by ``locator``.</doc>
<arguments>
<arg>firstname</arg>
<arg>${sales_rep}[First Name]</arg>
</arguments>
<msg timestamp="20210413 15:48:18.043" level="INFO">Typing text 'Vincenty' into text field 'firstname'.</msg>
<status status="PASS" starttime="20210413 15:48:18.043" endtime="20210413 15:48:18.123"></status>
</kw>
<kw name="Input Text" library="RPA.Browser.Selenium">
<doc>Types the given ``text`` into the text field identified by ``locator``.</doc>
<arguments>
<arg>lastname</arg>
<arg>${sales_rep}[Last Name]</arg>
</arguments>
<msg timestamp="20210413 15:48:18.124" level="INFO">Typing text 'Stannering' into text field 'lastname'.</msg>
<status status="PASS" starttime="20210413 15:48:18.123" endtime="20210413 15:48:18.200"></status>
</kw>
<kw name="Input Text" library="RPA.Browser.Selenium">
<doc>Types the given ``text`` into the text field identified by ``locator``.</doc>
<arguments>
<arg>salesresult</arg>
<arg>${sales_rep}[Sales]</arg>
</arguments>
<msg timestamp="20210413 15:48:18.200" level="INFO">Typing text '109884' into text field 'salesresult'.</msg>
<status status="PASS" starttime="20210413 15:48:18.200" endtime="20210413 15:48:18.273"></status>
</kw>
<kw name="Convert To String" library="BuiltIn">
<doc>Converts the given item to a Unicode string.</doc>
<arguments>
<arg>${sales_rep}[Sales Target]</arg>
</arguments>
<assign>
<var>${target_as_string}</var>
</assign>
<msg timestamp="20210413 15:48:18.274" level="INFO">${target_as_string} = 30000</msg>
<status status="PASS" starttime="20210413 15:48:18.273" endtime="20210413 15:48:18.274"></status>
</kw>
<kw name="Select From List By Value" library="RPA.Browser.Selenium">
<doc>Selects options from selection list ``locator`` by ``values``.</doc>
<arguments>
<arg>salestarget</arg>
<arg>${target_as_string}</arg>
</arguments>
<msg timestamp="20210413 15:48:18.274" level="INFO">Selecting options from selection list 'salestarget' by value 30000.</msg>
<status status="PASS" starttime="20210413 15:48:18.274" endtime="20210413 15:48:18.322"></status>
</kw>
<kw name="Click Button" library="RPA.Browser.Selenium">
<doc>Clicks the button identified by ``locator``.</doc>
<arguments>
<arg>Submit</arg>
</arguments>
<msg timestamp="20210413 15:48:18.322" level="INFO">Clicking button 'Submit'.</msg>
<status status="PASS" starttime="20210413 15:48:18.322" endtime="20210413 15:48:18.656"></status>
</kw>
<status status="PASS" starttime="20210413 15:48:18.042" endtime="20210413 15:48:18.656"></status>
</kw>
<status status="PASS" starttime="20210413 15:48:18.042" endtime="20210413 15:48:18.656"></status>
</kw>
<status status="PASS" starttime="20210413 15:47:47.796" endtime="20210413 15:48:18.656"></status>
</kw>
<status status="PASS" starttime="20210413 15:47:47.765" endtime="20210413 15:48:18.656"></status>
</kw>
<kw name="Log Out And Close The Browser" type="teardown">
<kw name="Click Button" library="RPA.Browser.Selenium">
<doc>Clicks the button identified by ``locator``.</doc>
<arguments>
<arg>Log out</arg>
</arguments>
<msg timestamp="20210413 15:48:18.657" level="INFO">Clicking button 'Log out'.</msg>
<status status="PASS" starttime="20210413 15:48:18.657" endtime="20210413 15:48:18.724"></status>
</kw>
<kw name="Close Browser" library="RPA.Browser.Selenium">
<doc>Closes the current browser.</doc>
<status status="PASS" starttime="20210413 15:48:18.724" endtime="20210413 15:48:20.899"></status>
</kw>
<status status="PASS" starttime="20210413 15:48:18.657" endtime="20210413 15:48:20.899"></status>
</kw>
<status status="PASS" starttime="20210413 15:47:36.812" endtime="20210413 15:48:20.899" critical="yes"></status>
</test>
<doc>Robot to enter weekly sales data into the RobotSpareBin Industries Intranet.</doc>
<status status="PASS" starttime="20210413 15:47:35.934" endtime="20210413 15:48:20.899"></status>
</suite>
<statistics>
<total>
<stat pass="1" fail="0">Critical Tasks</stat>
<stat pass="1" fail="0">All Tasks</stat>
</total>
<tag>
</tag>
<suite>
<stat pass="1" fail="0" id="s1" name="Tasks">Tasks</stat>
</suite>
</statistics>
<errors>
</errors>
</robot>
